{"numFailedTestSuites":80,"numFailedTests":76,"numPassedTestSuites":9,"numPassedTests":453,"numPendingTestSuites":0,"numPendingTests":0,"numRuntimeErrorTestSuites":66,"numTodoTests":0,"numTotalTestSuites":89,"numTotalTests":529,"openHandles":[],"snapshot":{"added":0,"didUpdate":false,"failure":false,"filesAdded":0,"filesRemoved":0,"filesRemovedList":[],"filesUnmatched":0,"filesUpdated":0,"matched":0,"total":0,"unchecked":0,"uncheckedKeysByFile":[],"unmatched":0,"updated":0},"startTime":1758324552740,"success":false,"testResults":[{"assertionResults":[{"ancestorTitles":["Breadcrumbs Component"],"duration":33,"failureDetails":[{"name":"TestingLibraryElementError"}],"failureMessages":["TestingLibraryElementError: Unable to find an element with the text: Home. This could be because the text is broken up by multiple elements. In this case, you can provide a function for your text matcher to make your matcher more flexible.\n\nIgnored nodes: comments, script, style\n\u001b[36m<body>\u001b[39m\n  \u001b[36m<div\u001b[39m\n    \u001b[33mid\u001b[39m=\u001b[32m\"radix-portal-container\"\u001b[39m\n  \u001b[36m/>\u001b[39m\n  \u001b[36m<div>\u001b[39m\n    \u001b[36m<div\u001b[39m\n      \u001b[33mclass\u001b[39m=\u001b[32m\"flex items-center gap-2\"\u001b[39m\n    \u001b[36m>\u001b[39m\n      \u001b[36m<nav>\u001b[39m\n        \u001b[36m<div>\u001b[39m\n          \u001b[36m<span>\u001b[39m\n            \u001b[36m<a\u001b[39m\n              \u001b[33mclass\u001b[39m=\u001b[32m\"flex items-center gap-1.5\"\u001b[39m\n            \u001b[36m>\u001b[39m\n              \u001b[36m<a\u001b[39m\n                \u001b[33mhref\u001b[39m=\u001b[32m\"/\"\u001b[39m\n              \u001b[36m>\u001b[39m\n                \u001b[36m<span\u001b[39m\n                  \u001b[33mclass\u001b[39m=\u001b[32m\"max-w-20 truncate sm:max-w-none\"\u001b[39m\n                \u001b[36m/>\u001b[39m\n              \u001b[36m</a>\u001b[39m\n            \u001b[36m</a>\u001b[39m\n          \u001b[36m</span>\u001b[39m\n          \u001b[36m<span>\u001b[39m\n            \u001b[36m<svg\u001b[39m\n              \u001b[33mclass\u001b[39m=\u001b[32m\"lucide lucide-chevron-right h-4 w-4\"\u001b[39m\n              \u001b[33mfill\u001b[39m=\u001b[32m\"none\"\u001b[39m\n              \u001b[33mheight\u001b[39m=\u001b[32m\"24\"\u001b[39m\n              \u001b[33mstroke\u001b[39m=\u001b[32m\"currentColor\"\u001b[39m\n              \u001b[33mstroke-linecap\u001b[39m=\u001b[32m\"round\"\u001b[39m\n              \u001b[33mstroke-linejoin\u001b[39m=\u001b[32m\"round\"\u001b[39m\n              \u001b[33mstroke-width\u001b[39m=\u001b[32m\"2\"\u001b[39m\n              \u001b[33mviewBox\u001b[39m=\u001b[32m\"0 0 24 24\"\u001b[39m\n              \u001b[33mwidth\u001b[39m=\u001b[32m\"24\"\u001b[39m\n              \u001b[33mxmlns\u001b[39m=\u001b[32m\"http://www.w3.org/2000/svg\"\u001b[39m\n            \u001b[36m>\u001b[39m\n              \u001b[36m<path\u001b[39m\n                \u001b[33md\u001b[39m=\u001b[32m\"m9 18 6-6-6-6\"\u001b[39m\n              \u001b[36m/>\u001b[39m\n            \u001b[36m</svg>\u001b[39m\n          \u001b[36m</span>\u001b[39m\n          \u001b[36m<span>\u001b[39m\n            \u001b[36m<a\u001b[39m\n              \u001b[33mclass\u001b[39m=\u001b[32m\"flex items-center gap-1.5\"\u001b[39m\n            \u001b[36m>\u001b[39m\n              \u001b[36m<a\u001b[39m\n                \u001b[33mhref\u001b[39m=\u001b[32m\"/settings\"\u001b[39m\n              \u001b[36m>\u001b[39m\n                \u001b[36m<span\u001b[39m\n                  \u001b[33mclass\u001b[39m=\u001b[32m\"max-w-20 truncate sm:max-w-none\"\u001b[39m\n                \u001b[36m/>\u001b[39m\n              \u001b[36m</a>\u001b[39m\n            \u001b[36m</a>\u001b[39m\n          \u001b[36m</span>\u001b[39m\n          \u001b[36m<span>\u001b[39m\n            \u001b[36m<svg\u001b[39m\n              \u001b[33mclass\u001b[39m=\u001b[32m\"lucide lucide-chevron-right h-4 w-4\"\u001b[39m\n              \u001b[33mfill\u001b[39m=\u001b[32m\"none\"\u001b[39m\n              \u001b[33mheight\u001b[39m=\u001b[32m\"24\"\u001b[39m\n              \u001b[33mstroke\u001b[39m=\u001b[32m\"currentColor\"\u001b[39m\n              \u001b[33mstroke-linecap\u001b[39m=\u001b[32m\"round\"\u001b[39m\n              \u001b[33mstroke-linejoin\u001b[39m=\u001b[32m\"round\"\u001b[39m\n              \u001b[33mstroke-width\u001b[39m=\u001b[32m\"2\"\u001b[39m\n              \u001b[33mviewBox\u001b[39m=\u001b[32m\"0 0 24 24\"\u001b[39m\n              \u001b[33mwidth\u001b[39m=\u001b[32m\"24\"\u001b[39m\n              \u001b[33mxmlns\u001b[39m=\u001b[32m\"http://www.w3.org/2000/svg\"\u001b[39m\n            \u001b[36m>\u001b[39m\n              \u001b[36m<path\u001b[39m\n                \u001b[33md\u001b[39m=\u001b[32m\"m9 18 6-6-6-6\"\u001b[39m\n              \u001b[36m/>\u001b[39m\n            \u001b[36m</svg>\u001b[39m\n          \u001b[36m</span>\u001b[39m\n          \u001b[36m<span>\u001b[39m\n            \u001b[36m<span\u001b[39m\n              \u001b[33mclass\u001b[39m=\u001b[32m\"flex items-center gap-1.5\"\u001b[39m\n            \u001b[36m>\u001b[39m\n              \u001b[36m<span\u001b[39m\n                \u001b[33mclass\u001b[39m=\u001b[32m\"max-w-20 truncate sm:max-w-none\"\u001b[39m\n              \u001b[36m/>\u001b[39m\n            \u001b[36m</span>\u001b[39m\n          \u001b[36m</span>\u001b[39m\n        \u001b[36m</div>\u001b[39m\n      \u001b[36m</nav>\u001b[39m\n    \u001b[36m</div>\u001b[39m\n  \u001b[36m</div>\u001b[39m\n\u001b[36m</body>\u001b[39m\n    at Object.getElementError (/Users/mdshahabulalam/basetemplate/enterprise-auth-template/frontend/node_modules/@testing-library/dom/dist/config.js:37:19)\n    at /Users/mdshahabulalam/basetemplate/enterprise-auth-template/frontend/node_modules/@testing-library/dom/dist/query-helpers.js:76:38\n    at /Users/mdshahabulalam/basetemplate/enterprise-auth-template/frontend/node_modules/@testing-library/dom/dist/query-helpers.js:52:17\n    at /Users/mdshahabulalam/basetemplate/enterprise-auth-template/frontend/node_modules/@testing-library/dom/dist/query-helpers.js:95:19\n    at getByText (/Users/mdshahabulalam/basetemplate/enterprise-auth-template/frontend/src/__tests__/components/navigation/breadcrumbs.test.tsx:22:21)\n    at Array.forEach (<anonymous>)\n    at Object.forEach (/Users/mdshahabulalam/basetemplate/enterprise-auth-template/frontend/src/__tests__/components/navigation/breadcrumbs.test.tsx:21:11)\n    at Promise.then.completed (/Users/mdshahabulalam/basetemplate/enterprise-auth-template/frontend/node_modules/jest-circus/build/utils.js:298:28)\n    at new Promise (<anonymous>)\n    at callAsyncCircusFn (/Users/mdshahabulalam/basetemplate/enterprise-auth-template/frontend/node_modules/jest-circus/build/utils.js:231:10)\n    at _callCircusTest (/Users/mdshahabulalam/basetemplate/enterprise-auth-template/frontend/node_modules/jest-circus/build/run.js:316:40)\n    at _runTest (/Users/mdshahabulalam/basetemplate/enterprise-auth-template/frontend/node_modules/jest-circus/build/run.js:252:3)\n    at _runTestsForDescribeBlock (/Users/mdshahabulalam/basetemplate/enterprise-auth-template/frontend/node_modules/jest-circus/build/run.js:126:9)\n    at _runTestsForDescribeBlock (/Users/mdshahabulalam/basetemplate/enterprise-auth-template/frontend/node_modules/jest-circus/build/run.js:121:9)\n    at run (/Users/mdshahabulalam/basetemplate/enterprise-auth-template/frontend/node_modules/jest-circus/build/run.js:71:3)\n    at runAndTransformResultsToJestFormat (/Users/mdshahabulalam/basetemplate/enterprise-auth-template/frontend/node_modules/jest-circus/build/legacy-code-todo-rewrite/jestAdapterInit.js:122:21)\n    at jestAdapter (/Users/mdshahabulalam/basetemplate/enterprise-auth-template/frontend/node_modules/jest-circus/build/legacy-code-todo-rewrite/jestAdapter.js:79:19)\n    at runTestInternal (/Users/mdshahabulalam/basetemplate/enterprise-auth-template/frontend/node_modules/jest-runner/build/runTest.js:367:16)\n    at runTest (/Users/mdshahabulalam/basetemplate/enterprise-auth-template/frontend/node_modules/jest-runner/build/runTest.js:444:34)"],"fullName":"Breadcrumbs Component should render all breadcrumb items","invocations":1,"location":{"column":3,"line":19},"numPassingAsserts":0,"retryReasons":[],"status":"failed","title":"should render all breadcrumb items"},{"ancestorTitles":["Breadcrumbs Component"],"duration":44,"failureDetails":[{"name":"TestingLibraryElementError"}],"failureMessages":["TestingLibraryElementError: Unable to find an accessible element with the role \"link\" and name \"Home\"\n\nHere are the accessible roles:\n\n  navigation:\n\n  Name \"\":\n  \u001b[36m<nav />\u001b[39m\n\n  --------------------------------------------------\n  link:\n\n  Name \"\":\n  \u001b[36m<a\u001b[39m\n    \u001b[33mhref\u001b[39m=\u001b[32m\"/\"\u001b[39m\n  \u001b[36m/>\u001b[39m\n\n  Name \"\":\n  \u001b[36m<a\u001b[39m\n    \u001b[33mhref\u001b[39m=\u001b[32m\"/settings\"\u001b[39m\n  \u001b[36m/>\u001b[39m\n\n  --------------------------------------------------\n\nIgnored nodes: comments, script, style\n\u001b[36m<body>\u001b[39m\n  \u001b[36m<div\u001b[39m\n    \u001b[33mid\u001b[39m=\u001b[32m\"radix-portal-container\"\u001b[39m\n  \u001b[36m/>\u001b[39m\n  \u001b[36m<div>\u001b[39m\n    \u001b[36m<div\u001b[39m\n      \u001b[33mclass\u001b[39m=\u001b[32m\"flex items-center gap-2\"\u001b[39m\n    \u001b[36m>\u001b[39m\n      \u001b[36m<nav>\u001b[39m\n        \u001b[36m<div>\u001b[39m\n          \u001b[36m<span>\u001b[39m\n            \u001b[36m<a\u001b[39m\n              \u001b[33mclass\u001b[39m=\u001b[32m\"flex items-center gap-1.5\"\u001b[39m\n            \u001b[36m>\u001b[39m\n              \u001b[36m<a\u001b[39m\n                \u001b[33mhref\u001b[39m=\u001b[32m\"/\"\u001b[39m\n              \u001b[36m>\u001b[39m\n                \u001b[36m<span\u001b[39m\n                  \u001b[33mclass\u001b[39m=\u001b[32m\"max-w-20 truncate sm:max-w-none\"\u001b[39m\n                \u001b[36m/>\u001b[39m\n              \u001b[36m</a>\u001b[39m\n            \u001b[36m</a>\u001b[39m\n          \u001b[36m</span>\u001b[39m\n          \u001b[36m<span>\u001b[39m\n            \u001b[36m<svg\u001b[39m\n              \u001b[33mclass\u001b[39m=\u001b[32m\"lucide lucide-chevron-right h-4 w-4\"\u001b[39m\n              \u001b[33mfill\u001b[39m=\u001b[32m\"none\"\u001b[39m\n              \u001b[33mheight\u001b[39m=\u001b[32m\"24\"\u001b[39m\n              \u001b[33mstroke\u001b[39m=\u001b[32m\"currentColor\"\u001b[39m\n              \u001b[33mstroke-linecap\u001b[39m=\u001b[32m\"round\"\u001b[39m\n              \u001b[33mstroke-linejoin\u001b[39m=\u001b[32m\"round\"\u001b[39m\n              \u001b[33mstroke-width\u001b[39m=\u001b[32m\"2\"\u001b[39m\n              \u001b[33mviewBox\u001b[39m=\u001b[32m\"0 0 24 24\"\u001b[39m\n              \u001b[33mwidth\u001b[39m=\u001b[32m\"24\"\u001b[39m\n              \u001b[33mxmlns\u001b[39m=\u001b[32m\"http://www.w3.org/2000/svg\"\u001b[39m\n            \u001b[36m>\u001b[39m\n              \u001b[36m<path\u001b[39m\n                \u001b[33md\u001b[39m=\u001b[32m\"m9 18 6-6-6-6\"\u001b[39m\n              \u001b[36m/>\u001b[39m\n            \u001b[36m</svg>\u001b[39m\n          \u001b[36m</span>\u001b[39m\n          \u001b[36m<span>\u001b[39m\n            \u001b[36m<a\u001b[39m\n              \u001b[33mclass\u001b[39m=\u001b[32m\"flex items-center gap-1.5\"\u001b[39m\n            \u001b[36m>\u001b[39m\n              \u001b[36m<a\u001b[39m\n                \u001b[33mhref\u001b[39m=\u001b[32m\"/settings\"\u001b[39m\n              \u001b[36m>\u001b[39m\n                \u001b[36m<span\u001b[39m\n                  \u001b[33mclass\u001b[39m=\u001b[32m\"max-w-20 truncate sm:max-w-none\"\u001b[39m\n                \u001b[36m/>\u001b[39m\n              \u001b[36m</a>\u001b[39m\n            \u001b[36m</a>\u001b[39m\n          \u001b[36m</span>\u001b[39m\n          \u001b[36m<span>\u001b[39m\n            \u001b[36m<svg\u001b[39m\n              \u001b[33mclass\u001b[39m=\u001b[32m\"lucide lucide-chevron-right h-4 w-4\"\u001b[39m\n              \u001b[33mfill\u001b[39m=\u001b[32m\"none\"\u001b[39m\n              \u001b[33mheight\u001b[39m=\u001b[32m\"24\"\u001b[39m\n              \u001b[33mstroke\u001b[39m=\u001b[32m\"currentColor\"\u001b[39m\n              \u001b[33mstroke-linecap\u001b[39m=\u001b[32m\"round\"\u001b[39m\n              \u001b[33mstroke-linejoin\u001b[39m=\u001b[32m\"round\"\u001b[39m\n              \u001b[33mstroke-width\u001b[39m=\u001b[32m\"2\"\u001b[39m\n              \u001b[33mviewBox\u001b[39m=\u001b[32m\"0 0 24 24\"\u001b[39m\n              \u001b[33mwidth\u001b[39m=\u001b[32m\"24\"\u001b[39m\n              \u001b[33mxmlns\u001b[39m=\u001b[32m\"http://www.w3.org/2000/svg\"\u001b[39m\n            \u001b[36m>\u001b[39m\n              \u001b[36m<path\u001b[39m\n                \u001b[33md\u001b[39m=\u001b[32m\"m9 18 6-6-6-6\"\u001b[39m\n              \u001b[36m/>\u001b[39m\n            \u001b[36m</svg>\u001b[39m\n          \u001b[36m</span>\u001b[39m\n          \u001b[36m<span>\u001b[39m\n            \u001b[36m<span\u001b[39m\n              \u001b[33mclass\u001b[39m=\u001b[32m\"flex items-center gap-1.5\"\u001b[39m\n            \u001b[36m>\u001b[39m\n              \u001b[36m<span\u001b[39m\n                \u001b[33mclass\u001b[39m=\u001b[32m\"max-w-20 truncate sm:max-w-none\"\u001b[39m\n              \u001b[36m/>\u001b[39m\n            \u001b[36m</span>\u001b[39m\n          \u001b[36m</span>\u001b[39m\n        \u001b[36m</div>\u001b[39m\n      \u001b[36m</nav>\u001b[39m\n    \u001b[36m</div>\u001b[39m\n  \u001b[36m</div>\u001b[39m\n\u001b[36m</body>\u001b[39m\n    at Object.getElementError (/Users/mdshahabulalam/basetemplate/enterprise-auth-template/frontend/node_modules/@testing-library/dom/dist/config.js:37:19)\n    at /Users/mdshahabulalam/basetemplate/enterprise-auth-template/frontend/node_modules/@testing-library/dom/dist/query-helpers.js:76:38\n    at /Users/mdshahabulalam/basetemplate/enterprise-auth-template/frontend/node_modules/@testing-library/dom/dist/query-helpers.js:52:17\n    at /Users/mdshahabulalam/basetemplate/enterprise-auth-template/frontend/node_modules/@testing-library/dom/dist/query-helpers.js:95:19\n    at Object.getByRole (/Users/mdshahabulalam/basetemplate/enterprise-auth-template/frontend/src/__tests__/components/navigation/breadcrumbs.test.tsx:28:29)\n    at Promise.then.completed (/Users/mdshahabulalam/basetemplate/enterprise-auth-template/frontend/node_modules/jest-circus/build/utils.js:298:28)\n    at new Promise (<anonymous>)\n    at callAsyncCircusFn (/Users/mdshahabulalam/basetemplate/enterprise-auth-template/frontend/node_modules/jest-circus/build/utils.js:231:10)\n    at _callCircusTest (/Users/mdshahabulalam/basetemplate/enterprise-auth-template/frontend/node_modules/jest-circus/build/run.js:316:40)\n    at _runTest (/Users/mdshahabulalam/basetemplate/enterprise-auth-template/frontend/node_modules/jest-circus/build/run.js:252:3)\n    at _runTestsForDescribeBlock (/Users/mdshahabulalam/basetemplate/enterprise-auth-template/frontend/node_modules/jest-circus/build/run.js:126:9)\n    at _runTestsForDescribeBlock (/Users/mdshahabulalam/basetemplate/enterprise-auth-template/frontend/node_modules/jest-circus/build/run.js:121:9)\n    at run (/Users/mdshahabulalam/basetemplate/enterprise-auth-template/frontend/node_modules/jest-circus/build/run.js:71:3)\n    at runAndTransformResultsToJestFormat (/Users/mdshahabulalam/basetemplate/enterprise-auth-template/frontend/node_modules/jest-circus/build/legacy-code-todo-rewrite/jestAdapterInit.js:122:21)\n    at jestAdapter (/Users/mdshahabulalam/basetemplate/enterprise-auth-template/frontend/node_modules/jest-circus/build/legacy-code-todo-rewrite/jestAdapter.js:79:19)\n    at runTestInternal (/Users/mdshahabulalam/basetemplate/enterprise-auth-template/frontend/node_modules/jest-runner/build/runTest.js:367:16)\n    at runTest (/Users/mdshahabulalam/basetemplate/enterprise-auth-template/frontend/node_modules/jest-runner/build/runTest.js:444:34)"],"fullName":"Breadcrumbs Component should render links for non-current items","invocations":1,"location":{"column":3,"line":26},"numPassingAsserts":0,"retryReasons":[],"status":"failed","title":"should render links for non-current items"},{"ancestorTitles":["Breadcrumbs Component"],"duration":2,"failureDetails":[{"name":"TestingLibraryElementError"}],"failureMessages":["TestingLibraryElementError: Unable to find an element with the text: Profile. This could be because the text is broken up by multiple elements. In this case, you can provide a function for your text matcher to make your matcher more flexible.\n\nIgnored nodes: comments, script, style\n\u001b[36m<body>\u001b[39m\n  \u001b[36m<div\u001b[39m\n    \u001b[33mid\u001b[39m=\u001b[32m\"radix-portal-container\"\u001b[39m\n  \u001b[36m/>\u001b[39m\n  \u001b[36m<div>\u001b[39m\n    \u001b[36m<div\u001b[39m\n      \u001b[33mclass\u001b[39m=\u001b[32m\"flex items-center gap-2\"\u001b[39m\n    \u001b[36m>\u001b[39m\n      \u001b[36m<nav>\u001b[39m\n        \u001b[36m<div>\u001b[39m\n          \u001b[36m<span>\u001b[39m\n            \u001b[36m<a\u001b[39m\n              \u001b[33mclass\u001b[39m=\u001b[32m\"flex items-center gap-1.5\"\u001b[39m\n            \u001b[36m>\u001b[39m\n              \u001b[36m<a\u001b[39m\n                \u001b[33mhref\u001b[39m=\u001b[32m\"/\"\u001b[39m\n              \u001b[36m>\u001b[39m\n                \u001b[36m<span\u001b[39m\n                  \u001b[33mclass\u001b[39m=\u001b[32m\"max-w-20 truncate sm:max-w-none\"\u001b[39m\n                \u001b[36m/>\u001b[39m\n              \u001b[36m</a>\u001b[39m\n            \u001b[36m</a>\u001b[39m\n          \u001b[36m</span>\u001b[39m\n          \u001b[36m<span>\u001b[39m\n            \u001b[36m<svg\u001b[39m\n              \u001b[33mclass\u001b[39m=\u001b[32m\"lucide lucide-chevron-right h-4 w-4\"\u001b[39m\n              \u001b[33mfill\u001b[39m=\u001b[32m\"none\"\u001b[39m\n              \u001b[33mheight\u001b[39m=\u001b[32m\"24\"\u001b[39m\n              \u001b[33mstroke\u001b[39m=\u001b[32m\"currentColor\"\u001b[39m\n              \u001b[33mstroke-linecap\u001b[39m=\u001b[32m\"round\"\u001b[39m\n              \u001b[33mstroke-linejoin\u001b[39m=\u001b[32m\"round\"\u001b[39m\n              \u001b[33mstroke-width\u001b[39m=\u001b[32m\"2\"\u001b[39m\n              \u001b[33mviewBox\u001b[39m=\u001b[32m\"0 0 24 24\"\u001b[39m\n              \u001b[33mwidth\u001b[39m=\u001b[32m\"24\"\u001b[39m\n              \u001b[33mxmlns\u001b[39m=\u001b[32m\"http://www.w3.org/2000/svg\"\u001b[39m\n            \u001b[36m>\u001b[39m\n              \u001b[36m<path\u001b[39m\n                \u001b[33md\u001b[39m=\u001b[32m\"m9 18 6-6-6-6\"\u001b[39m\n              \u001b[36m/>\u001b[39m\n            \u001b[36m</svg>\u001b[39m\n          \u001b[36m</span>\u001b[39m\n          \u001b[36m<span>\u001b[39m\n            \u001b[36m<a\u001b[39m\n              \u001b[33mclass\u001b[39m=\u001b[32m\"flex items-center gap-1.5\"\u001b[39m\n            \u001b[36m>\u001b[39m\n              \u001b[36m<a\u001b[39m\n                \u001b[33mhref\u001b[39m=\u001b[32m\"/settings\"\u001b[39m\n              \u001b[36m>\u001b[39m\n                \u001b[36m<span\u001b[39m\n                  \u001b[33mclass\u001b[39m=\u001b[32m\"max-w-20 truncate sm:max-w-none\"\u001b[39m\n                \u001b[36m/>\u001b[39m\n              \u001b[36m</a>\u001b[39m\n            \u001b[36m</a>\u001b[39m\n          \u001b[36m</span>\u001b[39m\n          \u001b[36m<span>\u001b[39m\n            \u001b[36m<svg\u001b[39m\n              \u001b[33mclass\u001b[39m=\u001b[32m\"lucide lucide-chevron-right h-4 w-4\"\u001b[39m\n              \u001b[33mfill\u001b[39m=\u001b[32m\"none\"\u001b[39m\n              \u001b[33mheight\u001b[39m=\u001b[32m\"24\"\u001b[39m\n              \u001b[33mstroke\u001b[39m=\u001b[32m\"currentColor\"\u001b[39m\n              \u001b[33mstroke-linecap\u001b[39m=\u001b[32m\"round\"\u001b[39m\n              \u001b[33mstroke-linejoin\u001b[39m=\u001b[32m\"round\"\u001b[39m\n              \u001b[33mstroke-width\u001b[39m=\u001b[32m\"2\"\u001b[39m\n              \u001b[33mviewBox\u001b[39m=\u001b[32m\"0 0 24 24\"\u001b[39m\n              \u001b[33mwidth\u001b[39m=\u001b[32m\"24\"\u001b[39m\n              \u001b[33mxmlns\u001b[39m=\u001b[32m\"http://www.w3.org/2000/svg\"\u001b[39m\n            \u001b[36m>\u001b[39m\n              \u001b[36m<path\u001b[39m\n                \u001b[33md\u001b[39m=\u001b[32m\"m9 18 6-6-6-6\"\u001b[39m\n              \u001b[36m/>\u001b[39m\n            \u001b[36m</svg>\u001b[39m\n          \u001b[36m</span>\u001b[39m\n          \u001b[36m<span>\u001b[39m\n            \u001b[36m<span\u001b[39m\n              \u001b[33mclass\u001b[39m=\u001b[32m\"flex items-center gap-1.5\"\u001b[39m\n            \u001b[36m>\u001b[39m\n              \u001b[36m<span\u001b[39m\n                \u001b[33mclass\u001b[39m=\u001b[32m\"max-w-20 truncate sm:max-w-none\"\u001b[39m\n              \u001b[36m/>\u001b[39m\n            \u001b[36m</span>\u001b[39m\n          \u001b[36m</span>\u001b[39m\n        \u001b[36m</div>\u001b[39m\n      \u001b[36m</nav>\u001b[39m\n    \u001b[36m</div>\u001b[39m\n  \u001b[36m</div>\u001b[39m\n\u001b[36m</body>\u001b[39m\n    at Object.getElementError (/Users/mdshahabulalam/basetemplate/enterprise-auth-template/frontend/node_modules/@testing-library/dom/dist/config.js:37:19)\n    at /Users/mdshahabulalam/basetemplate/enterprise-auth-template/frontend/node_modules/@testing-library/dom/dist/query-helpers.js:76:38\n    at /Users/mdshahabulalam/basetemplate/enterprise-auth-template/frontend/node_modules/@testing-library/dom/dist/query-helpers.js:52:17\n    at /Users/mdshahabulalam/basetemplate/enterprise-auth-template/frontend/node_modules/@testing-library/dom/dist/query-helpers.js:95:19\n    at Object.getByText (/Users/mdshahabulalam/basetemplate/enterprise-auth-template/frontend/src/__tests__/components/navigation/breadcrumbs.test.tsx:34:32)\n    at Promise.then.completed (/Users/mdshahabulalam/basetemplate/enterprise-auth-template/frontend/node_modules/jest-circus/build/utils.js:298:28)\n    at new Promise (<anonymous>)\n    at callAsyncCircusFn (/Users/mdshahabulalam/basetemplate/enterprise-auth-template/frontend/node_modules/jest-circus/build/utils.js:231:10)\n    at _callCircusTest (/Users/mdshahabulalam/basetemplate/enterprise-auth-template/frontend/node_modules/jest-circus/build/run.js:316:40)\n    at _runTest (/Users/mdshahabulalam/basetemplate/enterprise-auth-template/frontend/node_modules/jest-circus/build/run.js:252:3)\n    at _runTestsForDescribeBlock (/Users/mdshahabulalam/basetemplate/enterprise-auth-template/frontend/node_modules/jest-circus/build/run.js:126:9)\n    at _runTestsForDescribeBlock (/Users/mdshahabulalam/basetemplate/enterprise-auth-template/frontend/node_modules/jest-circus/build/run.js:121:9)\n    at run (/Users/mdshahabulalam/basetemplate/enterprise-auth-template/frontend/node_modules/jest-circus/build/run.js:71:3)\n    at runAndTransformResultsToJestFormat (/Users/mdshahabulalam/basetemplate/enterprise-auth-template/frontend/node_modules/jest-circus/build/legacy-code-todo-rewrite/jestAdapterInit.js:122:21)\n    at jestAdapter (/Users/mdshahabulalam/basetemplate/enterprise-auth-template/frontend/node_modules/jest-circus/build/legacy-code-todo-rewrite/jestAdapter.js:79:19)\n    at runTestInternal (/Users/mdshahabulalam/basetemplate/enterprise-auth-template/frontend/node_modules/jest-runner/build/runTest.js:367:16)\n    at runTest (/Users/mdshahabulalam/basetemplate/enterprise-auth-template/frontend/node_modules/jest-runner/build/runTest.js:444:34)"],"fullName":"Breadcrumbs Component should render current item without link","invocations":1,"location":{"column":3,"line":32},"numPassingAsserts":0,"retryReasons":[],"status":"failed","title":"should render current item without link"},{"ancestorTitles":["Breadcrumbs Component"],"duration":3,"failureDetails":[{"name":"TestingLibraryElementError"}],"failureMessages":["TestingLibraryElementError: Unable to find an element with the text: /. This could be because the text is broken up by multiple elements. In this case, you can provide a function for your text matcher to make your matcher more flexible.\n\nIgnored nodes: comments, script, style\n\u001b[36m<body>\u001b[39m\n  \u001b[36m<div\u001b[39m\n    \u001b[33mid\u001b[39m=\u001b[32m\"radix-portal-container\"\u001b[39m\n  \u001b[36m/>\u001b[39m\n  \u001b[36m<div>\u001b[39m\n    \u001b[36m<div\u001b[39m\n      \u001b[33mclass\u001b[39m=\u001b[32m\"flex items-center gap-2\"\u001b[39m\n    \u001b[36m>\u001b[39m\n      \u001b[36m<nav>\u001b[39m\n        \u001b[36m<div>\u001b[39m\n          \u001b[36m<span>\u001b[39m\n            \u001b[36m<a\u001b[39m\n              \u001b[33mclass\u001b[39m=\u001b[32m\"flex items-center gap-1.5\"\u001b[39m\n            \u001b[36m>\u001b[39m\n              \u001b[36m<a\u001b[39m\n                \u001b[33mhref\u001b[39m=\u001b[32m\"/\"\u001b[39m\n              \u001b[36m>\u001b[39m\n                \u001b[36m<span\u001b[39m\n                  \u001b[33mclass\u001b[39m=\u001b[32m\"max-w-20 truncate sm:max-w-none\"\u001b[39m\n                \u001b[36m/>\u001b[39m\n              \u001b[36m</a>\u001b[39m\n            \u001b[36m</a>\u001b[39m\n          \u001b[36m</span>\u001b[39m\n          \u001b[36m<span>\u001b[39m\n            \u001b[36m<svg\u001b[39m\n              \u001b[33mclass\u001b[39m=\u001b[32m\"lucide lucide-chevron-right h-4 w-4\"\u001b[39m\n              \u001b[33mfill\u001b[39m=\u001b[32m\"none\"\u001b[39m\n              \u001b[33mheight\u001b[39m=\u001b[32m\"24\"\u001b[39m\n              \u001b[33mstroke\u001b[39m=\u001b[32m\"currentColor\"\u001b[39m\n              \u001b[33mstroke-linecap\u001b[39m=\u001b[32m\"round\"\u001b[39m\n              \u001b[33mstroke-linejoin\u001b[39m=\u001b[32m\"round\"\u001b[39m\n              \u001b[33mstroke-width\u001b[39m=\u001b[32m\"2\"\u001b[39m\n              \u001b[33mviewBox\u001b[39m=\u001b[32m\"0 0 24 24\"\u001b[39m\n              \u001b[33mwidth\u001b[39m=\u001b[32m\"24\"\u001b[39m\n              \u001b[33mxmlns\u001b[39m=\u001b[32m\"http://www.w3.org/2000/svg\"\u001b[39m\n            \u001b[36m>\u001b[39m\n              \u001b[36m<path\u001b[39m\n                \u001b[33md\u001b[39m=\u001b[32m\"m9 18 6-6-6-6\"\u001b[39m\n              \u001b[36m/>\u001b[39m\n            \u001b[36m</svg>\u001b[39m\n          \u001b[36m</span>\u001b[39m\n          \u001b[36m<span>\u001b[39m\n            \u001b[36m<a\u001b[39m\n              \u001b[33mclass\u001b[39m=\u001b[32m\"flex items-center gap-1.5\"\u001b[39m\n            \u001b[36m>\u001b[39m\n              \u001b[36m<a\u001b[39m\n                \u001b[33mhref\u001b[39m=\u001b[32m\"/settings\"\u001b[39m\n              \u001b[36m>\u001b[39m\n                \u001b[36m<span\u001b[39m\n                  \u001b[33mclass\u001b[39m=\u001b[32m\"max-w-20 truncate sm:max-w-none\"\u001b[39m\n                \u001b[36m/>\u001b[39m\n              \u001b[36m</a>\u001b[39m\n            \u001b[36m</a>\u001b[39m\n          \u001b[36m</span>\u001b[39m\n          \u001b[36m<span>\u001b[39m\n            \u001b[36m<svg\u001b[39m\n              \u001b[33mclass\u001b[39m=\u001b[32m\"lucide lucide-chevron-right h-4 w-4\"\u001b[39m\n              \u001b[33mfill\u001b[39m=\u001b[32m\"none\"\u001b[39m\n              \u001b[33mheight\u001b[39m=\u001b[32m\"24\"\u001b[39m\n              \u001b[33mstroke\u001b[39m=\u001b[32m\"currentColor\"\u001b[39m\n              \u001b[33mstroke-linecap\u001b[39m=\u001b[32m\"round\"\u001b[39m\n              \u001b[33mstroke-linejoin\u001b[39m=\u001b[32m\"round\"\u001b[39m\n              \u001b[33mstroke-width\u001b[39m=\u001b[32m\"2\"\u001b[39m\n              \u001b[33mviewBox\u001b[39m=\u001b[32m\"0 0 24 24\"\u001b[39m\n              \u001b[33mwidth\u001b[39m=\u001b[32m\"24\"\u001b[39m\n              \u001b[33mxmlns\u001b[39m=\u001b[32m\"http://www.w3.org/2000/svg\"\u001b[39m\n            \u001b[36m>\u001b[39m\n              \u001b[36m<path\u001b[39m\n                \u001b[33md\u001b[39m=\u001b[32m\"m9 18 6-6-6-6\"\u001b[39m\n              \u001b[36m/>\u001b[39m\n            \u001b[36m</svg>\u001b[39m\n          \u001b[36m</span>\u001b[39m\n          \u001b[36m<span>\u001b[39m\n            \u001b[36m<span\u001b[39m\n              \u001b[33mclass\u001b[39m=\u001b[32m\"flex items-center gap-1.5\"\u001b[39m\n            \u001b[36m>\u001b[39m\n              \u001b[36m<span\u001b[39m\n                \u001b[33mclass\u001b[39m=\u001b[32m\"max-w-20 truncate sm:max-w-none\"\u001b[39m\n              \u001b[36m/>\u001b[39m\n            \u001b[36m</span>\u001b[39m\n          \u001b[36m</span>\u001b[39m\n        \u001b[36m</div>\u001b[39m\n      \u001b[36m</nav>\u001b[39m\n    \u001b[36m</div>\u001b[39m\n  \u001b[36m</div>\u001b[39m\n\u001b[36m</body>\u001b[39m\n    at Object.getElementError (/Users/mdshahabulalam/basetemplate/enterprise-auth-template/frontend/node_modules/@testing-library/dom/dist/config.js:37:19)\n    at /Users/mdshahabulalam/basetemplate/enterprise-auth-template/frontend/node_modules/@testing-library/dom/dist/query-helpers.js:76:38\n    at /Users/mdshahabulalam/basetemplate/enterprise-auth-template/frontend/node_modules/@testing-library/dom/dist/query-helpers.js:109:15\n    at Object.getAllByText (/Users/mdshahabulalam/basetemplate/enterprise-auth-template/frontend/src/__tests__/components/navigation/breadcrumbs.test.tsx:40:31)\n    at Promise.then.completed (/Users/mdshahabulalam/basetemplate/enterprise-auth-template/frontend/node_modules/jest-circus/build/utils.js:298:28)\n    at new Promise (<anonymous>)\n    at callAsyncCircusFn (/Users/mdshahabulalam/basetemplate/enterprise-auth-template/frontend/node_modules/jest-circus/build/utils.js:231:10)\n    at _callCircusTest (/Users/mdshahabulalam/basetemplate/enterprise-auth-template/frontend/node_modules/jest-circus/build/run.js:316:40)\n    at _runTest (/Users/mdshahabulalam/basetemplate/enterprise-auth-template/frontend/node_modules/jest-circus/build/run.js:252:3)\n    at _runTestsForDescribeBlock (/Users/mdshahabulalam/basetemplate/enterprise-auth-template/frontend/node_modules/jest-circus/build/run.js:126:9)\n    at _runTestsForDescribeBlock (/Users/mdshahabulalam/basetemplate/enterprise-auth-template/frontend/node_modules/jest-circus/build/run.js:121:9)\n    at run (/Users/mdshahabulalam/basetemplate/enterprise-auth-template/frontend/node_modules/jest-circus/build/run.js:71:3)\n    at runAndTransformResultsToJestFormat (/Users/mdshahabulalam/basetemplate/enterprise-auth-template/frontend/node_modules/jest-circus/build/legacy-code-todo-rewrite/jestAdapterInit.js:122:21)\n    at jestAdapter (/Users/mdshahabulalam/basetemplate/enterprise-auth-template/frontend/node_modules/jest-circus/build/legacy-code-todo-rewrite/jestAdapter.js:79:19)\n    at runTestInternal (/Users/mdshahabulalam/basetemplate/enterprise-auth-template/frontend/node_modules/jest-runner/build/runTest.js:367:16)\n    at runTest (/Users/mdshahabulalam/basetemplate/enterprise-auth-template/frontend/node_modules/jest-runner/build/runTest.js:444:34)"],"fullName":"Breadcrumbs Component should render separators between items","invocations":1,"location":{"column":3,"line":38},"numPassingAsserts":0,"retryReasons":[],"status":"failed","title":"should render separators between items"},{"ancestorTitles":["Breadcrumbs Component"],"duration":2,"failureDetails":[{"name":"TestingLibraryElementError"}],"failureMessages":["TestingLibraryElementError: Unable to find an element with the text: Home. This could be because the text is broken up by multiple elements. In this case, you can provide a function for your text matcher to make your matcher more flexible.\n\nIgnored nodes: comments, script, style\n\u001b[36m<body>\u001b[39m\n  \u001b[36m<div\u001b[39m\n    \u001b[33mid\u001b[39m=\u001b[32m\"radix-portal-container\"\u001b[39m\n  \u001b[36m/>\u001b[39m\n  \u001b[36m<div>\u001b[39m\n    \u001b[36m<div\u001b[39m\n      \u001b[33mclass\u001b[39m=\u001b[32m\"flex items-center gap-2\"\u001b[39m\n    \u001b[36m>\u001b[39m\n      \u001b[36m<nav>\u001b[39m\n        \u001b[36m<div>\u001b[39m\n          \u001b[36m<span>\u001b[39m\n            \u001b[36m<span\u001b[39m\n              \u001b[33mclass\u001b[39m=\u001b[32m\"flex items-center gap-1.5\"\u001b[39m\n            \u001b[36m>\u001b[39m\n              \u001b[36m<span\u001b[39m\n                \u001b[33mclass\u001b[39m=\u001b[32m\"max-w-20 truncate sm:max-w-none\"\u001b[39m\n              \u001b[36m/>\u001b[39m\n            \u001b[36m</span>\u001b[39m\n          \u001b[36m</span>\u001b[39m\n        \u001b[36m</div>\u001b[39m\n      \u001b[36m</nav>\u001b[39m\n    \u001b[36m</div>\u001b[39m\n  \u001b[36m</div>\u001b[39m\n\u001b[36m</body>\u001b[39m\n    at Object.getElementError (/Users/mdshahabulalam/basetemplate/enterprise-auth-template/frontend/node_modules/@testing-library/dom/dist/config.js:37:19)\n    at /Users/mdshahabulalam/basetemplate/enterprise-auth-template/frontend/node_modules/@testing-library/dom/dist/query-helpers.js:76:38\n    at /Users/mdshahabulalam/basetemplate/enterprise-auth-template/frontend/node_modules/@testing-library/dom/dist/query-helpers.js:52:17\n    at /Users/mdshahabulalam/basetemplate/enterprise-auth-template/frontend/node_modules/@testing-library/dom/dist/query-helpers.js:95:19\n    at Object.getByText (/Users/mdshahabulalam/basetemplate/enterprise-auth-template/frontend/src/__tests__/components/navigation/breadcrumbs.test.tsx:46:19)\n    at Promise.then.completed (/Users/mdshahabulalam/basetemplate/enterprise-auth-template/frontend/node_modules/jest-circus/build/utils.js:298:28)\n    at new Promise (<anonymous>)\n    at callAsyncCircusFn (/Users/mdshahabulalam/basetemplate/enterprise-auth-template/frontend/node_modules/jest-circus/build/utils.js:231:10)\n    at _callCircusTest (/Users/mdshahabulalam/basetemplate/enterprise-auth-template/frontend/node_modules/jest-circus/build/run.js:316:40)\n    at _runTest (/Users/mdshahabulalam/basetemplate/enterprise-auth-template/frontend/node_modules/jest-circus/build/run.js:252:3)\n    at _runTestsForDescribeBlock (/Users/mdshahabulalam/basetemplate/enterprise-auth-template/frontend/node_modules/jest-circus/build/run.js:126:9)\n    at _runTestsForDescribeBlock (/Users/mdshahabulalam/basetemplate/enterprise-auth-template/frontend/node_modules/jest-circus/build/run.js:121:9)\n    at run (/Users/mdshahabulalam/basetemplate/enterprise-auth-template/frontend/node_modules/jest-circus/build/run.js:71:3)\n    at runAndTransformResultsToJestFormat (/Users/mdshahabulalam/basetemplate/enterprise-auth-template/frontend/node_modules/jest-circus/build/legacy-code-todo-rewrite/jestAdapterInit.js:122:21)\n    at jestAdapter (/Users/mdshahabulalam/basetemplate/enterprise-auth-template/frontend/node_modules/jest-circus/build/legacy-code-todo-rewrite/jestAdapter.js:79:19)\n    at runTestInternal (/Users/mdshahabulalam/basetemplate/enterprise-auth-template/frontend/node_modules/jest-runner/build/runTest.js:367:16)\n    at runTest (/Users/mdshahabulalam/basetemplate/enterprise-auth-template/frontend/node_modules/jest-runner/build/runTest.js:444:34)"],"fullName":"Breadcrumbs Component should handle single item","invocations":1,"location":{"column":3,"line":44},"numPassingAsserts":0,"retryReasons":[],"status":"failed","title":"should handle single item"}],"endTime":1758324553369,"message":"  ● Breadcrumbs Component › should render all breadcrumb items\n\n    TestingLibraryElementError: Unable to find an element with the text: Home. This could be because the text is broken up by multiple elements. In this case, you can provide a function for your text matcher to make your matcher more flexible.\n\n    Ignored nodes: comments, script, style\n    \u001b[36m<body>\u001b[39m\n      \u001b[36m<div\u001b[39m\n        \u001b[33mid\u001b[39m=\u001b[32m\"radix-portal-container\"\u001b[39m\n      \u001b[36m/>\u001b[39m\n      \u001b[36m<div>\u001b[39m\n        \u001b[36m<div\u001b[39m\n          \u001b[33mclass\u001b[39m=\u001b[32m\"flex items-center gap-2\"\u001b[39m\n        \u001b[36m>\u001b[39m\n          \u001b[36m<nav>\u001b[39m\n            \u001b[36m<div>\u001b[39m\n              \u001b[36m<span>\u001b[39m\n                \u001b[36m<a\u001b[39m\n                  \u001b[33mclass\u001b[39m=\u001b[32m\"flex items-center gap-1.5\"\u001b[39m\n                \u001b[36m>\u001b[39m\n                  \u001b[36m<a\u001b[39m\n                    \u001b[33mhref\u001b[39m=\u001b[32m\"/\"\u001b[39m\n                  \u001b[36m>\u001b[39m\n                    \u001b[36m<span\u001b[39m\n                      \u001b[33mclass\u001b[39m=\u001b[32m\"max-w-20 truncate sm:max-w-none\"\u001b[39m\n                    \u001b[36m/>\u001b[39m\n                  \u001b[36m</a>\u001b[39m\n                \u001b[36m</a>\u001b[39m\n              \u001b[36m</span>\u001b[39m\n              \u001b[36m<span>\u001b[39m\n                \u001b[36m<svg\u001b[39m\n                  \u001b[33mclass\u001b[39m=\u001b[32m\"lucide lucide-chevron-right h-4 w-4\"\u001b[39m\n                  \u001b[33mfill\u001b[39m=\u001b[32m\"none\"\u001b[39m\n                  \u001b[33mheight\u001b[39m=\u001b[32m\"24\"\u001b[39m\n                  \u001b[33mstroke\u001b[39m=\u001b[32m\"currentColor\"\u001b[39m\n                  \u001b[33mstroke-linecap\u001b[39m=\u001b[32m\"round\"\u001b[39m\n                  \u001b[33mstroke-linejoin\u001b[39m=\u001b[32m\"round\"\u001b[39m\n                  \u001b[33mstroke-width\u001b[39m=\u001b[32m\"2\"\u001b[39m\n                  \u001b[33mviewBox\u001b[39m=\u001b[32m\"0 0 24 24\"\u001b[39m\n                  \u001b[33mwidth\u001b[39m=\u001b[32m\"24\"\u001b[39m\n                  \u001b[33mxmlns\u001b[39m=\u001b[32m\"http://www.w3.org/2000/svg\"\u001b[39m\n                \u001b[36m>\u001b[39m\n                  \u001b[36m<path\u001b[39m\n                    \u001b[33md\u001b[39m=\u001b[32m\"m9 18 6-6-6-6\"\u001b[39m\n                  \u001b[36m/>\u001b[39m\n                \u001b[36m</svg>\u001b[39m\n              \u001b[36m</span>\u001b[39m\n              \u001b[36m<span>\u001b[39m\n                \u001b[36m<a\u001b[39m\n                  \u001b[33mclass\u001b[39m=\u001b[32m\"flex items-center gap-1.5\"\u001b[39m\n                \u001b[36m>\u001b[39m\n                  \u001b[36m<a\u001b[39m\n                    \u001b[33mhref\u001b[39m=\u001b[32m\"/settings\"\u001b[39m\n                  \u001b[36m>\u001b[39m\n                    \u001b[36m<span\u001b[39m\n                      \u001b[33mclass\u001b[39m=\u001b[32m\"max-w-20 truncate sm:max-w-none\"\u001b[39m\n                    \u001b[36m/>\u001b[39m\n                  \u001b[36m</a>\u001b[39m\n                \u001b[36m</a>\u001b[39m\n              \u001b[36m</span>\u001b[39m\n              \u001b[36m<span>\u001b[39m\n                \u001b[36m<svg\u001b[39m\n                  \u001b[33mclass\u001b[39m=\u001b[32m\"lucide lucide-chevron-right h-4 w-4\"\u001b[39m\n                  \u001b[33mfill\u001b[39m=\u001b[32m\"none\"\u001b[39m\n                  \u001b[33mheight\u001b[39m=\u001b[32m\"24\"\u001b[39m\n                  \u001b[33mstroke\u001b[39m=\u001b[32m\"currentColor\"\u001b[39m\n                  \u001b[33mstroke-linecap\u001b[39m=\u001b[32m\"round\"\u001b[39m\n                  \u001b[33mstroke-linejoin\u001b[39m=\u001b[32m\"round\"\u001b[39m\n                  \u001b[33mstroke-width\u001b[39m=\u001b[32m\"2\"\u001b[39m\n                  \u001b[33mviewBox\u001b[39m=\u001b[32m\"0 0 24 24\"\u001b[39m\n                  \u001b[33mwidth\u001b[39m=\u001b[32m\"24\"\u001b[39m\n                  \u001b[33mxmlns\u001b[39m=\u001b[32m\"http://www.w3.org/2000/svg\"\u001b[39m\n                \u001b[36m>\u001b[39m\n                  \u001b[36m<path\u001b[39m\n                    \u001b[33md\u001b[39m=\u001b[32m\"m9 18 6-6-6-6\"\u001b[39m\n                  \u001b[36m/>\u001b[39m\n                \u001b[36m</svg>\u001b[39m\n              \u001b[36m</span>\u001b[39m\n              \u001b[36m<span>\u001b[39m\n                \u001b[36m<span\u001b[39m\n                  \u001b[33mclass\u001b[39m=\u001b[32m\"flex items-center gap-1.5\"\u001b[39m\n                \u001b[36m>\u001b[39m\n                  \u001b[36m<span\u001b[39m\n                    \u001b[33mclass\u001b[39m=\u001b[32m\"max-w-20 truncate sm:max-w-none\"\u001b[39m\n                  \u001b[36m/>\u001b[39m\n                \u001b[36m</span>\u001b[39m\n              \u001b[36m</span>\u001b[39m\n            \u001b[36m</div>\u001b[39m\n          \u001b[36m</nav>\u001b[39m\n        \u001b[36m</div>\u001b[39m\n      \u001b[36m</div>\u001b[39m\n    \u001b[36m</body>\u001b[39m\n\n      20 |     render(<Breadcrumbs items={items} />);\n      21 |     items.forEach(item => {\n    > 22 |       expect(screen.getByText(item.label)).toBeInTheDocument();\n         |                     ^\n      23 |     });\n      24 |   });\n      25 |\n\n      at Object.getElementError (node_modules/@testing-library/dom/dist/config.js:37:19)\n      at node_modules/@testing-library/dom/dist/query-helpers.js:76:38\n      at node_modules/@testing-library/dom/dist/query-helpers.js:52:17\n      at node_modules/@testing-library/dom/dist/query-helpers.js:95:19\n      at getByText (src/__tests__/components/navigation/breadcrumbs.test.tsx:22:21)\n          at Array.forEach (<anonymous>)\n      at Object.forEach (src/__tests__/components/navigation/breadcrumbs.test.tsx:21:11)\n\n  ● Breadcrumbs Component › should render links for non-current items\n\n    TestingLibraryElementError: Unable to find an accessible element with the role \"link\" and name \"Home\"\n\n    Here are the accessible roles:\n\n      navigation:\n\n      Name \"\":\n      \u001b[36m<nav />\u001b[39m\n\n      --------------------------------------------------\n      link:\n\n      Name \"\":\n      \u001b[36m<a\u001b[39m\n        \u001b[33mhref\u001b[39m=\u001b[32m\"/\"\u001b[39m\n      \u001b[36m/>\u001b[39m\n\n      Name \"\":\n      \u001b[36m<a\u001b[39m\n        \u001b[33mhref\u001b[39m=\u001b[32m\"/settings\"\u001b[39m\n      \u001b[36m/>\u001b[39m\n\n      --------------------------------------------------\n\n    Ignored nodes: comments, script, style\n    \u001b[36m<body>\u001b[39m\n      \u001b[36m<div\u001b[39m\n        \u001b[33mid\u001b[39m=\u001b[32m\"radix-portal-container\"\u001b[39m\n      \u001b[36m/>\u001b[39m\n      \u001b[36m<div>\u001b[39m\n        \u001b[36m<div\u001b[39m\n          \u001b[33mclass\u001b[39m=\u001b[32m\"flex items-center gap-2\"\u001b[39m\n        \u001b[36m>\u001b[39m\n          \u001b[36m<nav>\u001b[39m\n            \u001b[36m<div>\u001b[39m\n              \u001b[36m<span>\u001b[39m\n                \u001b[36m<a\u001b[39m\n                  \u001b[33mclass\u001b[39m=\u001b[32m\"flex items-center gap-1.5\"\u001b[39m\n                \u001b[36m>\u001b[39m\n                  \u001b[36m<a\u001b[39m\n                    \u001b[33mhref\u001b[39m=\u001b[32m\"/\"\u001b[39m\n                  \u001b[36m>\u001b[39m\n                    \u001b[36m<span\u001b[39m\n                      \u001b[33mclass\u001b[39m=\u001b[32m\"max-w-20 truncate sm:max-w-none\"\u001b[39m\n                    \u001b[36m/>\u001b[39m\n                  \u001b[36m</a>\u001b[39m\n                \u001b[36m</a>\u001b[39m\n              \u001b[36m</span>\u001b[39m\n              \u001b[36m<span>\u001b[39m\n                \u001b[36m<svg\u001b[39m\n                  \u001b[33mclass\u001b[39m=\u001b[32m\"lucide lucide-chevron-right h-4 w-4\"\u001b[39m\n                  \u001b[33mfill\u001b[39m=\u001b[32m\"none\"\u001b[39m\n                  \u001b[33mheight\u001b[39m=\u001b[32m\"24\"\u001b[39m\n                  \u001b[33mstroke\u001b[39m=\u001b[32m\"currentColor\"\u001b[39m\n                  \u001b[33mstroke-linecap\u001b[39m=\u001b[32m\"round\"\u001b[39m\n                  \u001b[33mstroke-linejoin\u001b[39m=\u001b[32m\"round\"\u001b[39m\n                  \u001b[33mstroke-width\u001b[39m=\u001b[32m\"2\"\u001b[39m\n                  \u001b[33mviewBox\u001b[39m=\u001b[32m\"0 0 24 24\"\u001b[39m\n                  \u001b[33mwidth\u001b[39m=\u001b[32m\"24\"\u001b[39m\n                  \u001b[33mxmlns\u001b[39m=\u001b[32m\"http://www.w3.org/2000/svg\"\u001b[39m\n                \u001b[36m>\u001b[39m\n                  \u001b[36m<path\u001b[39m\n                    \u001b[33md\u001b[39m=\u001b[32m\"m9 18 6-6-6-6\"\u001b[39m\n                  \u001b[36m/>\u001b[39m\n                \u001b[36m</svg>\u001b[39m\n              \u001b[36m</span>\u001b[39m\n              \u001b[36m<span>\u001b[39m\n                \u001b[36m<a\u001b[39m\n                  \u001b[33mclass\u001b[39m=\u001b[32m\"flex items-center gap-1.5\"\u001b[39m\n                \u001b[36m>\u001b[39m\n                  \u001b[36m<a\u001b[39m\n                    \u001b[33mhref\u001b[39m=\u001b[32m\"/settings\"\u001b[39m\n                  \u001b[36m>\u001b[39m\n                    \u001b[36m<span\u001b[39m\n                      \u001b[33mclass\u001b[39m=\u001b[32m\"max-w-20 truncate sm:max-w-none\"\u001b[39m\n                    \u001b[36m/>\u001b[39m\n                  \u001b[36m</a>\u001b[39m\n                \u001b[36m</a>\u001b[39m\n              \u001b[36m</span>\u001b[39m\n              \u001b[36m<span>\u001b[39m\n                \u001b[36m<svg\u001b[39m\n                  \u001b[33mclass\u001b[39m=\u001b[32m\"lucide lucide-chevron-right h-4 w-4\"\u001b[39m\n                  \u001b[33mfill\u001b[39m=\u001b[32m\"none\"\u001b[39m\n                  \u001b[33mheight\u001b[39m=\u001b[32m\"24\"\u001b[39m\n                  \u001b[33mstroke\u001b[39m=\u001b[32m\"currentColor\"\u001b[39m\n                  \u001b[33mstroke-linecap\u001b[39m=\u001b[32m\"round\"\u001b[39m\n                  \u001b[33mstroke-linejoin\u001b[39m=\u001b[32m\"round\"\u001b[39m\n                  \u001b[33mstroke-width\u001b[39m=\u001b[32m\"2\"\u001b[39m\n                  \u001b[33mviewBox\u001b[39m=\u001b[32m\"0 0 24 24\"\u001b[39m\n                  \u001b[33mwidth\u001b[39m=\u001b[32m\"24\"\u001b[39m\n                  \u001b[33mxmlns\u001b[39m=\u001b[32m\"http://www.w3.org/2000/svg\"\u001b[39m\n                \u001b[36m>\u001b[39m\n                  \u001b[36m<path\u001b[39m\n                    \u001b[33md\u001b[39m=\u001b[32m\"m9 18 6-6-6-6\"\u001b[39m\n                  \u001b[36m/>\u001b[39m\n                \u001b[36m</svg>\u001b[39m\n              \u001b[36m</span>\u001b[39m\n              \u001b[36m<span>\u001b[39m\n                \u001b[36m<span\u001b[39m\n                  \u001b[33mclass\u001b[39m=\u001b[32m\"flex items-center gap-1.5\"\u001b[39m\n                \u001b[36m>\u001b[39m\n                  \u001b[36m<span\u001b[39m\n                    \u001b[33mclass\u001b[39m=\u001b[32m\"max-w-20 truncate sm:max-w-none\"\u001b[39m\n                  \u001b[36m/>\u001b[39m\n                \u001b[36m</span>\u001b[39m\n              \u001b[36m</span>\u001b[39m\n            \u001b[36m</div>\u001b[39m\n          \u001b[36m</nav>\u001b[39m\n        \u001b[36m</div>\u001b[39m\n      \u001b[36m</div>\u001b[39m\n    \u001b[36m</body>\u001b[39m\n\n      26 |   it('should render links for non-current items', () => {\n      27 |     render(<Breadcrumbs items={items} />);\n    > 28 |     const homeLink = screen.getByRole('link', { name: 'Home' });\n         |                             ^\n      29 |     expect(homeLink).toHaveAttribute('href', '/');\n      30 |   });\n      31 |\n\n      at Object.getElementError (node_modules/@testing-library/dom/dist/config.js:37:19)\n      at node_modules/@testing-library/dom/dist/query-helpers.js:76:38\n      at node_modules/@testing-library/dom/dist/query-helpers.js:52:17\n      at node_modules/@testing-library/dom/dist/query-helpers.js:95:19\n      at Object.getByRole (src/__tests__/components/navigation/breadcrumbs.test.tsx:28:29)\n\n  ● Breadcrumbs Component › should render current item without link\n\n    TestingLibraryElementError: Unable to find an element with the text: Profile. This could be because the text is broken up by multiple elements. In this case, you can provide a function for your text matcher to make your matcher more flexible.\n\n    Ignored nodes: comments, script, style\n    \u001b[36m<body>\u001b[39m\n      \u001b[36m<div\u001b[39m\n        \u001b[33mid\u001b[39m=\u001b[32m\"radix-portal-container\"\u001b[39m\n      \u001b[36m/>\u001b[39m\n      \u001b[36m<div>\u001b[39m\n        \u001b[36m<div\u001b[39m\n          \u001b[33mclass\u001b[39m=\u001b[32m\"flex items-center gap-2\"\u001b[39m\n        \u001b[36m>\u001b[39m\n          \u001b[36m<nav>\u001b[39m\n            \u001b[36m<div>\u001b[39m\n              \u001b[36m<span>\u001b[39m\n                \u001b[36m<a\u001b[39m\n                  \u001b[33mclass\u001b[39m=\u001b[32m\"flex items-center gap-1.5\"\u001b[39m\n                \u001b[36m>\u001b[39m\n                  \u001b[36m<a\u001b[39m\n                    \u001b[33mhref\u001b[39m=\u001b[32m\"/\"\u001b[39m\n                  \u001b[36m>\u001b[39m\n                    \u001b[36m<span\u001b[39m\n                      \u001b[33mclass\u001b[39m=\u001b[32m\"max-w-20 truncate sm:max-w-none\"\u001b[39m\n                    \u001b[36m/>\u001b[39m\n                  \u001b[36m</a>\u001b[39m\n                \u001b[36m</a>\u001b[39m\n              \u001b[36m</span>\u001b[39m\n              \u001b[36m<span>\u001b[39m\n                \u001b[36m<svg\u001b[39m\n                  \u001b[33mclass\u001b[39m=\u001b[32m\"lucide lucide-chevron-right h-4 w-4\"\u001b[39m\n                  \u001b[33mfill\u001b[39m=\u001b[32m\"none\"\u001b[39m\n                  \u001b[33mheight\u001b[39m=\u001b[32m\"24\"\u001b[39m\n                  \u001b[33mstroke\u001b[39m=\u001b[32m\"currentColor\"\u001b[39m\n                  \u001b[33mstroke-linecap\u001b[39m=\u001b[32m\"round\"\u001b[39m\n                  \u001b[33mstroke-linejoin\u001b[39m=\u001b[32m\"round\"\u001b[39m\n                  \u001b[33mstroke-width\u001b[39m=\u001b[32m\"2\"\u001b[39m\n                  \u001b[33mviewBox\u001b[39m=\u001b[32m\"0 0 24 24\"\u001b[39m\n                  \u001b[33mwidth\u001b[39m=\u001b[32m\"24\"\u001b[39m\n                  \u001b[33mxmlns\u001b[39m=\u001b[32m\"http://www.w3.org/2000/svg\"\u001b[39m\n                \u001b[36m>\u001b[39m\n                  \u001b[36m<path\u001b[39m\n                    \u001b[33md\u001b[39m=\u001b[32m\"m9 18 6-6-6-6\"\u001b[39m\n                  \u001b[36m/>\u001b[39m\n                \u001b[36m</svg>\u001b[39m\n              \u001b[36m</span>\u001b[39m\n              \u001b[36m<span>\u001b[39m\n                \u001b[36m<a\u001b[39m\n                  \u001b[33mclass\u001b[39m=\u001b[32m\"flex items-center gap-1.5\"\u001b[39m\n                \u001b[36m>\u001b[39m\n                  \u001b[36m<a\u001b[39m\n                    \u001b[33mhref\u001b[39m=\u001b[32m\"/settings\"\u001b[39m\n                  \u001b[36m>\u001b[39m\n                    \u001b[36m<span\u001b[39m\n                      \u001b[33mclass\u001b[39m=\u001b[32m\"max-w-20 truncate sm:max-w-none\"\u001b[39m\n                    \u001b[36m/>\u001b[39m\n                  \u001b[36m</a>\u001b[39m\n                \u001b[36m</a>\u001b[39m\n              \u001b[36m</span>\u001b[39m\n              \u001b[36m<span>\u001b[39m\n                \u001b[36m<svg\u001b[39m\n                  \u001b[33mclass\u001b[39m=\u001b[32m\"lucide lucide-chevron-right h-4 w-4\"\u001b[39m\n                  \u001b[33mfill\u001b[39m=\u001b[32m\"none\"\u001b[39m\n                  \u001b[33mheight\u001b[39m=\u001b[32m\"24\"\u001b[39m\n                  \u001b[33mstroke\u001b[39m=\u001b[32m\"currentColor\"\u001b[39m\n                  \u001b[33mstroke-linecap\u001b[39m=\u001b[32m\"round\"\u001b[39m\n                  \u001b[33mstroke-linejoin\u001b[39m=\u001b[32m\"round\"\u001b[39m\n                  \u001b[33mstroke-width\u001b[39m=\u001b[32m\"2\"\u001b[39m\n                  \u001b[33mviewBox\u001b[39m=\u001b[32m\"0 0 24 24\"\u001b[39m\n                  \u001b[33mwidth\u001b[39m=\u001b[32m\"24\"\u001b[39m\n                  \u001b[33mxmlns\u001b[39m=\u001b[32m\"http://www.w3.org/2000/svg\"\u001b[39m\n                \u001b[36m>\u001b[39m\n                  \u001b[36m<path\u001b[39m\n                    \u001b[33md\u001b[39m=\u001b[32m\"m9 18 6-6-6-6\"\u001b[39m\n                  \u001b[36m/>\u001b[39m\n                \u001b[36m</svg>\u001b[39m\n              \u001b[36m</span>\u001b[39m\n              \u001b[36m<span>\u001b[39m\n                \u001b[36m<span\u001b[39m\n                  \u001b[33mclass\u001b[39m=\u001b[32m\"flex items-center gap-1.5\"\u001b[39m\n                \u001b[36m>\u001b[39m\n                  \u001b[36m<span\u001b[39m\n                    \u001b[33mclass\u001b[39m=\u001b[32m\"max-w-20 truncate sm:max-w-none\"\u001b[39m\n                  \u001b[36m/>\u001b[39m\n                \u001b[36m</span>\u001b[39m\n              \u001b[36m</span>\u001b[39m\n            \u001b[36m</div>\u001b[39m\n          \u001b[36m</nav>\u001b[39m\n        \u001b[36m</div>\u001b[39m\n      \u001b[36m</div>\u001b[39m\n    \u001b[36m</body>\u001b[39m\n\n      32 |   it('should render current item without link', () => {\n      33 |     render(<Breadcrumbs items={items} />);\n    > 34 |     const profileItem = screen.getByText('Profile');\n         |                                ^\n      35 |     expect(profileItem.closest('a')).not.toBeInTheDocument();\n      36 |   });\n      37 |\n\n      at Object.getElementError (node_modules/@testing-library/dom/dist/config.js:37:19)\n      at node_modules/@testing-library/dom/dist/query-helpers.js:76:38\n      at node_modules/@testing-library/dom/dist/query-helpers.js:52:17\n      at node_modules/@testing-library/dom/dist/query-helpers.js:95:19\n      at Object.getByText (src/__tests__/components/navigation/breadcrumbs.test.tsx:34:32)\n\n  ● Breadcrumbs Component › should render separators between items\n\n    TestingLibraryElementError: Unable to find an element with the text: /. This could be because the text is broken up by multiple elements. In this case, you can provide a function for your text matcher to make your matcher more flexible.\n\n    Ignored nodes: comments, script, style\n    \u001b[36m<body>\u001b[39m\n      \u001b[36m<div\u001b[39m\n        \u001b[33mid\u001b[39m=\u001b[32m\"radix-portal-container\"\u001b[39m\n      \u001b[36m/>\u001b[39m\n      \u001b[36m<div>\u001b[39m\n        \u001b[36m<div\u001b[39m\n          \u001b[33mclass\u001b[39m=\u001b[32m\"flex items-center gap-2\"\u001b[39m\n        \u001b[36m>\u001b[39m\n          \u001b[36m<nav>\u001b[39m\n            \u001b[36m<div>\u001b[39m\n              \u001b[36m<span>\u001b[39m\n                \u001b[36m<a\u001b[39m\n                  \u001b[33mclass\u001b[39m=\u001b[32m\"flex items-center gap-1.5\"\u001b[39m\n                \u001b[36m>\u001b[39m\n                  \u001b[36m<a\u001b[39m\n                    \u001b[33mhref\u001b[39m=\u001b[32m\"/\"\u001b[39m\n                  \u001b[36m>\u001b[39m\n                    \u001b[36m<span\u001b[39m\n                      \u001b[33mclass\u001b[39m=\u001b[32m\"max-w-20 truncate sm:max-w-none\"\u001b[39m\n                    \u001b[36m/>\u001b[39m\n                  \u001b[36m</a>\u001b[39m\n                \u001b[36m</a>\u001b[39m\n              \u001b[36m</span>\u001b[39m\n              \u001b[36m<span>\u001b[39m\n                \u001b[36m<svg\u001b[39m\n                  \u001b[33mclass\u001b[39m=\u001b[32m\"lucide lucide-chevron-right h-4 w-4\"\u001b[39m\n                  \u001b[33mfill\u001b[39m=\u001b[32m\"none\"\u001b[39m\n                  \u001b[33mheight\u001b[39m=\u001b[32m\"24\"\u001b[39m\n                  \u001b[33mstroke\u001b[39m=\u001b[32m\"currentColor\"\u001b[39m\n                  \u001b[33mstroke-linecap\u001b[39m=\u001b[32m\"round\"\u001b[39m\n                  \u001b[33mstroke-linejoin\u001b[39m=\u001b[32m\"round\"\u001b[39m\n                  \u001b[33mstroke-width\u001b[39m=\u001b[32m\"2\"\u001b[39m\n                  \u001b[33mviewBox\u001b[39m=\u001b[32m\"0 0 24 24\"\u001b[39m\n                  \u001b[33mwidth\u001b[39m=\u001b[32m\"24\"\u001b[39m\n                  \u001b[33mxmlns\u001b[39m=\u001b[32m\"http://www.w3.org/2000/svg\"\u001b[39m\n                \u001b[36m>\u001b[39m\n                  \u001b[36m<path\u001b[39m\n                    \u001b[33md\u001b[39m=\u001b[32m\"m9 18 6-6-6-6\"\u001b[39m\n                  \u001b[36m/>\u001b[39m\n                \u001b[36m</svg>\u001b[39m\n              \u001b[36m</span>\u001b[39m\n              \u001b[36m<span>\u001b[39m\n                \u001b[36m<a\u001b[39m\n                  \u001b[33mclass\u001b[39m=\u001b[32m\"flex items-center gap-1.5\"\u001b[39m\n                \u001b[36m>\u001b[39m\n                  \u001b[36m<a\u001b[39m\n                    \u001b[33mhref\u001b[39m=\u001b[32m\"/settings\"\u001b[39m\n                  \u001b[36m>\u001b[39m\n                    \u001b[36m<span\u001b[39m\n                      \u001b[33mclass\u001b[39m=\u001b[32m\"max-w-20 truncate sm:max-w-none\"\u001b[39m\n                    \u001b[36m/>\u001b[39m\n                  \u001b[36m</a>\u001b[39m\n                \u001b[36m</a>\u001b[39m\n              \u001b[36m</span>\u001b[39m\n              \u001b[36m<span>\u001b[39m\n                \u001b[36m<svg\u001b[39m\n                  \u001b[33mclass\u001b[39m=\u001b[32m\"lucide lucide-chevron-right h-4 w-4\"\u001b[39m\n                  \u001b[33mfill\u001b[39m=\u001b[32m\"none\"\u001b[39m\n                  \u001b[33mheight\u001b[39m=\u001b[32m\"24\"\u001b[39m\n                  \u001b[33mstroke\u001b[39m=\u001b[32m\"currentColor\"\u001b[39m\n                  \u001b[33mstroke-linecap\u001b[39m=\u001b[32m\"round\"\u001b[39m\n                  \u001b[33mstroke-linejoin\u001b[39m=\u001b[32m\"round\"\u001b[39m\n                  \u001b[33mstroke-width\u001b[39m=\u001b[32m\"2\"\u001b[39m\n                  \u001b[33mviewBox\u001b[39m=\u001b[32m\"0 0 24 24\"\u001b[39m\n                  \u001b[33mwidth\u001b[39m=\u001b[32m\"24\"\u001b[39m\n                  \u001b[33mxmlns\u001b[39m=\u001b[32m\"http://www.w3.org/2000/svg\"\u001b[39m\n                \u001b[36m>\u001b[39m\n                  \u001b[36m<path\u001b[39m\n                    \u001b[33md\u001b[39m=\u001b[32m\"m9 18 6-6-6-6\"\u001b[39m\n                  \u001b[36m/>\u001b[39m\n                \u001b[36m</svg>\u001b[39m\n              \u001b[36m</span>\u001b[39m\n              \u001b[36m<span>\u001b[39m\n                \u001b[36m<span\u001b[39m\n                  \u001b[33mclass\u001b[39m=\u001b[32m\"flex items-center gap-1.5\"\u001b[39m\n                \u001b[36m>\u001b[39m\n                  \u001b[36m<span\u001b[39m\n                    \u001b[33mclass\u001b[39m=\u001b[32m\"max-w-20 truncate sm:max-w-none\"\u001b[39m\n                  \u001b[36m/>\u001b[39m\n                \u001b[36m</span>\u001b[39m\n              \u001b[36m</span>\u001b[39m\n            \u001b[36m</div>\u001b[39m\n          \u001b[36m</nav>\u001b[39m\n        \u001b[36m</div>\u001b[39m\n      \u001b[36m</div>\u001b[39m\n    \u001b[36m</body>\u001b[39m\n\n      38 |   it('should render separators between items', () => {\n      39 |     render(<Breadcrumbs items={items} />);\n    > 40 |     const separators = screen.getAllByText('/');\n         |                               ^\n      41 |     expect(separators).toHaveLength(items.length - 1);\n      42 |   });\n      43 |\n\n      at Object.getElementError (node_modules/@testing-library/dom/dist/config.js:37:19)\n      at node_modules/@testing-library/dom/dist/query-helpers.js:76:38\n      at node_modules/@testing-library/dom/dist/query-helpers.js:109:15\n      at Object.getAllByText (src/__tests__/components/navigation/breadcrumbs.test.tsx:40:31)\n\n  ● Breadcrumbs Component › should handle single item\n\n    TestingLibraryElementError: Unable to find an element with the text: Home. This could be because the text is broken up by multiple elements. In this case, you can provide a function for your text matcher to make your matcher more flexible.\n\n    Ignored nodes: comments, script, style\n    \u001b[36m<body>\u001b[39m\n      \u001b[36m<div\u001b[39m\n        \u001b[33mid\u001b[39m=\u001b[32m\"radix-portal-container\"\u001b[39m\n      \u001b[36m/>\u001b[39m\n      \u001b[36m<div>\u001b[39m\n        \u001b[36m<div\u001b[39m\n          \u001b[33mclass\u001b[39m=\u001b[32m\"flex items-center gap-2\"\u001b[39m\n        \u001b[36m>\u001b[39m\n          \u001b[36m<nav>\u001b[39m\n            \u001b[36m<div>\u001b[39m\n              \u001b[36m<span>\u001b[39m\n                \u001b[36m<span\u001b[39m\n                  \u001b[33mclass\u001b[39m=\u001b[32m\"flex items-center gap-1.5\"\u001b[39m\n                \u001b[36m>\u001b[39m\n                  \u001b[36m<span\u001b[39m\n                    \u001b[33mclass\u001b[39m=\u001b[32m\"max-w-20 truncate sm:max-w-none\"\u001b[39m\n                  \u001b[36m/>\u001b[39m\n                \u001b[36m</span>\u001b[39m\n              \u001b[36m</span>\u001b[39m\n            \u001b[36m</div>\u001b[39m\n          \u001b[36m</nav>\u001b[39m\n        \u001b[36m</div>\u001b[39m\n      \u001b[36m</div>\u001b[39m\n    \u001b[36m</body>\u001b[39m\n\n      44 |   it('should handle single item', () => {\n      45 |     render(<Breadcrumbs items={[{ label: 'Home', href: '/' }]} />);\n    > 46 |     expect(screen.getByText('Home')).toBeInTheDocument();\n         |                   ^\n      47 |     expect(screen.queryByText('/')).not.toBeInTheDocument();\n      48 |   });\n      49 | });\n\n      at Object.getElementError (node_modules/@testing-library/dom/dist/config.js:37:19)\n      at node_modules/@testing-library/dom/dist/query-helpers.js:76:38\n      at node_modules/@testing-library/dom/dist/query-helpers.js:52:17\n      at node_modules/@testing-library/dom/dist/query-helpers.js:95:19\n      at Object.getByText (src/__tests__/components/navigation/breadcrumbs.test.tsx:46:19)\n","name":"/Users/mdshahabulalam/basetemplate/enterprise-auth-template/frontend/src/__tests__/components/navigation/breadcrumbs.test.tsx","startTime":1758324552971,"status":"failed","summary":""},{"assertionResults":[{"ancestorTitles":["Debounce Hooks Comprehensive Tests","useDebounce","Basic Functionality"],"duration":2,"failureDetails":[],"failureMessages":[],"fullName":"Debounce Hooks Comprehensive Tests useDebounce Basic Functionality should return initial value immediately","invocations":1,"location":{"column":7,"line":52},"numPassingAsserts":1,"retryReasons":[],"status":"passed","title":"should return initial value immediately"},{"ancestorTitles":["Debounce Hooks Comprehensive Tests","useDebounce","Basic Functionality"],"duration":3,"failureDetails":[],"failureMessages":[],"fullName":"Debounce Hooks Comprehensive Tests useDebounce Basic Functionality should debounce value changes with specified delay","invocations":1,"location":{"column":7,"line":58},"numPassingAsserts":4,"retryReasons":[],"status":"passed","title":"should debounce value changes with specified delay"},{"ancestorTitles":["Debounce Hooks Comprehensive Tests","useDebounce","Basic Functionality"],"duration":2,"failureDetails":[],"failureMessages":[],"fullName":"Debounce Hooks Comprehensive Tests useDebounce Basic Functionality should reset timer on rapid value changes","invocations":1,"location":{"column":7,"line":85},"numPassingAsserts":3,"retryReasons":[],"status":"passed","title":"should reset timer on rapid value changes"},{"ancestorTitles":["Debounce Hooks Comprehensive Tests","useDebounce","Basic Functionality"],"duration":1,"failureDetails":[],"failureMessages":[],"fullName":"Debounce Hooks Comprehensive Tests useDebounce Basic Functionality should preserve TypeScript types","invocations":1,"location":{"column":7,"line":118},"numPassingAsserts":4,"retryReasons":[],"status":"passed","title":"should preserve TypeScript types"},{"ancestorTitles":["Debounce Hooks Comprehensive Tests","useDebounce","Options Configuration"],"duration":5,"failureDetails":[{"matcherResult":{"actual":"initial","expected":"changed","message":"expect(received).toBe(expected) // Object.is equality\n\nExpected: \"changed\"\nReceived: \"initial\"","name":"toBe","pass":false}}],"failureMessages":["Error: expect(received).toBe(expected) // Object.is equality\n\nExpected: \"changed\"\nReceived: \"initial\"\n    at Object.toBe (/Users/mdshahabulalam/basetemplate/enterprise-auth-template/frontend/src/__tests__/hooks/use-debounce-comprehensive.test.ts:149:32)\n    at Promise.then.completed (/Users/mdshahabulalam/basetemplate/enterprise-auth-template/frontend/node_modules/jest-circus/build/utils.js:298:28)\n    at new Promise (<anonymous>)\n    at callAsyncCircusFn (/Users/mdshahabulalam/basetemplate/enterprise-auth-template/frontend/node_modules/jest-circus/build/utils.js:231:10)\n    at _callCircusTest (/Users/mdshahabulalam/basetemplate/enterprise-auth-template/frontend/node_modules/jest-circus/build/run.js:316:40)\n    at _runTest (/Users/mdshahabulalam/basetemplate/enterprise-auth-template/frontend/node_modules/jest-circus/build/run.js:252:3)\n    at _runTestsForDescribeBlock (/Users/mdshahabulalam/basetemplate/enterprise-auth-template/frontend/node_modules/jest-circus/build/run.js:126:9)\n    at _runTestsForDescribeBlock (/Users/mdshahabulalam/basetemplate/enterprise-auth-template/frontend/node_modules/jest-circus/build/run.js:121:9)\n    at _runTestsForDescribeBlock (/Users/mdshahabulalam/basetemplate/enterprise-auth-template/frontend/node_modules/jest-circus/build/run.js:121:9)\n    at _runTestsForDescribeBlock (/Users/mdshahabulalam/basetemplate/enterprise-auth-template/frontend/node_modules/jest-circus/build/run.js:121:9)\n    at run (/Users/mdshahabulalam/basetemplate/enterprise-auth-template/frontend/node_modules/jest-circus/build/run.js:71:3)\n    at runAndTransformResultsToJestFormat (/Users/mdshahabulalam/basetemplate/enterprise-auth-template/frontend/node_modules/jest-circus/build/legacy-code-todo-rewrite/jestAdapterInit.js:122:21)\n    at jestAdapter (/Users/mdshahabulalam/basetemplate/enterprise-auth-template/frontend/node_modules/jest-circus/build/legacy-code-todo-rewrite/jestAdapter.js:79:19)\n    at runTestInternal (/Users/mdshahabulalam/basetemplate/enterprise-auth-template/frontend/node_modules/jest-runner/build/runTest.js:367:16)\n    at runTest (/Users/mdshahabulalam/basetemplate/enterprise-auth-template/frontend/node_modules/jest-runner/build/runTest.js:444:34)"],"fullName":"Debounce Hooks Comprehensive Tests useDebounce Options Configuration should handle leading edge execution","invocations":1,"location":{"column":7,"line":136},"numPassingAsserts":1,"retryReasons":[],"status":"failed","title":"should handle leading edge execution"},{"ancestorTitles":["Debounce Hooks Comprehensive Tests","useDebounce","Options Configuration"],"duration":2,"failureDetails":[],"failureMessages":[],"fullName":"Debounce Hooks Comprehensive Tests useDebounce Options Configuration should handle trailing edge execution only","invocations":1,"location":{"column":7,"line":158},"numPassingAsserts":2,"retryReasons":[],"status":"passed","title":"should handle trailing edge execution only"},{"ancestorTitles":["Debounce Hooks Comprehensive Tests","useDebounce","Options Configuration"],"duration":3,"failureDetails":[{"matcherResult":{"actual":"initial","expected":"change1","message":"expect(received).toBe(expected) // Object.is equality\n\nExpected: \"change1\"\nReceived: \"initial\"","name":"toBe","pass":false}}],"failureMessages":["Error: expect(received).toBe(expected) // Object.is equality\n\nExpected: \"change1\"\nReceived: \"initial\"\n    at Object.toBe (/Users/mdshahabulalam/basetemplate/enterprise-auth-template/frontend/src/__tests__/hooks/use-debounce-comprehensive.test.ts:189:32)\n    at Promise.then.completed (/Users/mdshahabulalam/basetemplate/enterprise-auth-template/frontend/node_modules/jest-circus/build/utils.js:298:28)\n    at new Promise (<anonymous>)\n    at callAsyncCircusFn (/Users/mdshahabulalam/basetemplate/enterprise-auth-template/frontend/node_modules/jest-circus/build/utils.js:231:10)\n    at _callCircusTest (/Users/mdshahabulalam/basetemplate/enterprise-auth-template/frontend/node_modules/jest-circus/build/run.js:316:40)\n    at _runTest (/Users/mdshahabulalam/basetemplate/enterprise-auth-template/frontend/node_modules/jest-circus/build/run.js:252:3)\n    at _runTestsForDescribeBlock (/Users/mdshahabulalam/basetemplate/enterprise-auth-template/frontend/node_modules/jest-circus/build/run.js:126:9)\n    at _runTestsForDescribeBlock (/Users/mdshahabulalam/basetemplate/enterprise-auth-template/frontend/node_modules/jest-circus/build/run.js:121:9)\n    at _runTestsForDescribeBlock (/Users/mdshahabulalam/basetemplate/enterprise-auth-template/frontend/node_modules/jest-circus/build/run.js:121:9)\n    at _runTestsForDescribeBlock (/Users/mdshahabulalam/basetemplate/enterprise-auth-template/frontend/node_modules/jest-circus/build/run.js:121:9)\n    at run (/Users/mdshahabulalam/basetemplate/enterprise-auth-template/frontend/node_modules/jest-circus/build/run.js:71:3)\n    at runAndTransformResultsToJestFormat (/Users/mdshahabulalam/basetemplate/enterprise-auth-template/frontend/node_modules/jest-circus/build/legacy-code-todo-rewrite/jestAdapterInit.js:122:21)\n    at jestAdapter (/Users/mdshahabulalam/basetemplate/enterprise-auth-template/frontend/node_modules/jest-circus/build/legacy-code-todo-rewrite/jestAdapter.js:79:19)\n    at runTestInternal (/Users/mdshahabulalam/basetemplate/enterprise-auth-template/frontend/node_modules/jest-runner/build/runTest.js:367:16)\n    at runTest (/Users/mdshahabulalam/basetemplate/enterprise-auth-template/frontend/node_modules/jest-runner/build/runTest.js:444:34)"],"fullName":"Debounce Hooks Comprehensive Tests useDebounce Options Configuration should handle both leading and trailing execution","invocations":1,"location":{"column":7,"line":178},"numPassingAsserts":0,"retryReasons":[],"status":"failed","title":"should handle both leading and trailing execution"},{"ancestorTitles":["Debounce Hooks Comprehensive Tests","useDebounce","Options Configuration"],"duration":4,"failureDetails":[],"failureMessages":[],"fullName":"Debounce Hooks Comprehensive Tests useDebounce Options Configuration should respect maxWait option","invocations":1,"location":{"column":7,"line":202},"numPassingAsserts":1,"retryReasons":[],"status":"passed","title":"should respect maxWait option"},{"ancestorTitles":["Debounce Hooks Comprehensive Tests","useDebounce","Edge Cases"],"duration":2,"failureDetails":[],"failureMessages":[],"fullName":"Debounce Hooks Comprehensive Tests useDebounce Edge Cases should handle null and undefined values","invocations":1,"location":{"column":7,"line":243},"numPassingAsserts":2,"retryReasons":[],"status":"passed","title":"should handle null and undefined values"},{"ancestorTitles":["Debounce Hooks Comprehensive Tests","useDebounce","Edge Cases"],"duration":2,"failureDetails":[{"matcherResult":{"actual":"initial","expected":"changed","message":"expect(received).toBe(expected) // Object.is equality\n\nExpected: \"changed\"\nReceived: \"initial\"","name":"toBe","pass":false}}],"failureMessages":["Error: expect(received).toBe(expected) // Object.is equality\n\nExpected: \"changed\"\nReceived: \"initial\"\n    at Object.toBe (/Users/mdshahabulalam/basetemplate/enterprise-auth-template/frontend/src/__tests__/hooks/use-debounce-comprehensive.test.ts:276:32)\n    at Promise.then.completed (/Users/mdshahabulalam/basetemplate/enterprise-auth-template/frontend/node_modules/jest-circus/build/utils.js:298:28)\n    at new Promise (<anonymous>)\n    at callAsyncCircusFn (/Users/mdshahabulalam/basetemplate/enterprise-auth-template/frontend/node_modules/jest-circus/build/utils.js:231:10)\n    at _callCircusTest (/Users/mdshahabulalam/basetemplate/enterprise-auth-template/frontend/node_modules/jest-circus/build/run.js:316:40)\n    at _runTest (/Users/mdshahabulalam/basetemplate/enterprise-auth-template/frontend/node_modules/jest-circus/build/run.js:252:3)\n    at _runTestsForDescribeBlock (/Users/mdshahabulalam/basetemplate/enterprise-auth-template/frontend/node_modules/jest-circus/build/run.js:126:9)\n    at _runTestsForDescribeBlock (/Users/mdshahabulalam/basetemplate/enterprise-auth-template/frontend/node_modules/jest-circus/build/run.js:121:9)\n    at _runTestsForDescribeBlock (/Users/mdshahabulalam/basetemplate/enterprise-auth-template/frontend/node_modules/jest-circus/build/run.js:121:9)\n    at _runTestsForDescribeBlock (/Users/mdshahabulalam/basetemplate/enterprise-auth-template/frontend/node_modules/jest-circus/build/run.js:121:9)\n    at run (/Users/mdshahabulalam/basetemplate/enterprise-auth-template/frontend/node_modules/jest-circus/build/run.js:71:3)\n    at runAndTransformResultsToJestFormat (/Users/mdshahabulalam/basetemplate/enterprise-auth-template/frontend/node_modules/jest-circus/build/legacy-code-todo-rewrite/jestAdapterInit.js:122:21)\n    at jestAdapter (/Users/mdshahabulalam/basetemplate/enterprise-auth-template/frontend/node_modules/jest-circus/build/legacy-code-todo-rewrite/jestAdapter.js:79:19)\n    at runTestInternal (/Users/mdshahabulalam/basetemplate/enterprise-auth-template/frontend/node_modules/jest-runner/build/runTest.js:367:16)\n    at runTest (/Users/mdshahabulalam/basetemplate/enterprise-auth-template/frontend/node_modules/jest-runner/build/runTest.js:444:34)"],"fullName":"Debounce Hooks Comprehensive Tests useDebounce Edge Cases should handle zero delay","invocations":1,"location":{"column":7,"line":262},"numPassingAsserts":0,"retryReasons":[],"status":"failed","title":"should handle zero delay"},{"ancestorTitles":["Debounce Hooks Comprehensive Tests","useDebounce","Edge Cases"],"duration":1,"failureDetails":[{"matcherResult":{"actual":"initial","expected":"changed","message":"expect(received).toBe(expected) // Object.is equality\n\nExpected: \"changed\"\nReceived: \"initial\"","name":"toBe","pass":false}}],"failureMessages":["Error: expect(received).toBe(expected) // Object.is equality\n\nExpected: \"changed\"\nReceived: \"initial\"\n    at Object.toBe (/Users/mdshahabulalam/basetemplate/enterprise-auth-template/frontend/src/__tests__/hooks/use-debounce-comprehensive.test.ts:294:32)\n    at Promise.then.completed (/Users/mdshahabulalam/basetemplate/enterprise-auth-template/frontend/node_modules/jest-circus/build/utils.js:298:28)\n    at new Promise (<anonymous>)\n    at callAsyncCircusFn (/Users/mdshahabulalam/basetemplate/enterprise-auth-template/frontend/node_modules/jest-circus/build/utils.js:231:10)\n    at _callCircusTest (/Users/mdshahabulalam/basetemplate/enterprise-auth-template/frontend/node_modules/jest-circus/build/run.js:316:40)\n    at _runTest (/Users/mdshahabulalam/basetemplate/enterprise-auth-template/frontend/node_modules/jest-circus/build/run.js:252:3)\n    at _runTestsForDescribeBlock (/Users/mdshahabulalam/basetemplate/enterprise-auth-template/frontend/node_modules/jest-circus/build/run.js:126:9)\n    at _runTestsForDescribeBlock (/Users/mdshahabulalam/basetemplate/enterprise-auth-template/frontend/node_modules/jest-circus/build/run.js:121:9)\n    at _runTestsForDescribeBlock (/Users/mdshahabulalam/basetemplate/enterprise-auth-template/frontend/node_modules/jest-circus/build/run.js:121:9)\n    at _runTestsForDescribeBlock (/Users/mdshahabulalam/basetemplate/enterprise-auth-template/frontend/node_modules/jest-circus/build/run.js:121:9)\n    at run (/Users/mdshahabulalam/basetemplate/enterprise-auth-template/frontend/node_modules/jest-circus/build/run.js:71:3)\n    at runAndTransformResultsToJestFormat (/Users/mdshahabulalam/basetemplate/enterprise-auth-template/frontend/node_modules/jest-circus/build/legacy-code-todo-rewrite/jestAdapterInit.js:122:21)\n    at jestAdapter (/Users/mdshahabulalam/basetemplate/enterprise-auth-template/frontend/node_modules/jest-circus/build/legacy-code-todo-rewrite/jestAdapter.js:79:19)\n    at runTestInternal (/Users/mdshahabulalam/basetemplate/enterprise-auth-template/frontend/node_modules/jest-runner/build/runTest.js:367:16)\n    at runTest (/Users/mdshahabulalam/basetemplate/enterprise-auth-template/frontend/node_modules/jest-runner/build/runTest.js:444:34)"],"fullName":"Debounce Hooks Comprehensive Tests useDebounce Edge Cases should handle negative delay","invocations":1,"location":{"column":7,"line":279},"numPassingAsserts":0,"retryReasons":[],"status":"failed","title":"should handle negative delay"},{"ancestorTitles":["Debounce Hooks Comprehensive Tests","useAdvancedDebounce"],"duration":5,"failureDetails":[{"matcherResult":{"actual":true,"expected":false,"message":"expect(received).toBe(expected) // Object.is equality\n\nExpected: false\nReceived: true","name":"toBe","pass":false}}],"failureMessages":["Error: expect(received).toBe(expected) // Object.is equality\n\nExpected: false\nReceived: true\n    at Object.toBe (/Users/mdshahabulalam/basetemplate/enterprise-auth-template/frontend/src/__tests__/hooks/use-debounce-comprehensive.test.ts:310:38)\n    at Promise.then.completed (/Users/mdshahabulalam/basetemplate/enterprise-auth-template/frontend/node_modules/jest-circus/build/utils.js:298:28)\n    at new Promise (<anonymous>)\n    at callAsyncCircusFn (/Users/mdshahabulalam/basetemplate/enterprise-auth-template/frontend/node_modules/jest-circus/build/utils.js:231:10)\n    at _callCircusTest (/Users/mdshahabulalam/basetemplate/enterprise-auth-template/frontend/node_modules/jest-circus/build/run.js:316:40)\n    at _runTest (/Users/mdshahabulalam/basetemplate/enterprise-auth-template/frontend/node_modules/jest-circus/build/run.js:252:3)\n    at _runTestsForDescribeBlock (/Users/mdshahabulalam/basetemplate/enterprise-auth-template/frontend/node_modules/jest-circus/build/run.js:126:9)\n    at _runTestsForDescribeBlock (/Users/mdshahabulalam/basetemplate/enterprise-auth-template/frontend/node_modules/jest-circus/build/run.js:121:9)\n    at _runTestsForDescribeBlock (/Users/mdshahabulalam/basetemplate/enterprise-auth-template/frontend/node_modules/jest-circus/build/run.js:121:9)\n    at run (/Users/mdshahabulalam/basetemplate/enterprise-auth-template/frontend/node_modules/jest-circus/build/run.js:71:3)\n    at runAndTransformResultsToJestFormat (/Users/mdshahabulalam/basetemplate/enterprise-auth-template/frontend/node_modules/jest-circus/build/legacy-code-todo-rewrite/jestAdapterInit.js:122:21)\n    at jestAdapter (/Users/mdshahabulalam/basetemplate/enterprise-auth-template/frontend/node_modules/jest-circus/build/legacy-code-todo-rewrite/jestAdapter.js:79:19)\n    at runTestInternal (/Users/mdshahabulalam/basetemplate/enterprise-auth-template/frontend/node_modules/jest-runner/build/runTest.js:367:16)\n    at runTest (/Users/mdshahabulalam/basetemplate/enterprise-auth-template/frontend/node_modules/jest-runner/build/runTest.js:444:34)"],"fullName":"Debounce Hooks Comprehensive Tests useAdvancedDebounce should provide debounced value with state information","invocations":1,"location":{"column":5,"line":300},"numPassingAsserts":1,"retryReasons":[],"status":"failed","title":"should provide debounced value with state information"},{"ancestorTitles":["Debounce Hooks Comprehensive Tests","useAdvancedDebounce"],"duration":2,"failureDetails":[],"failureMessages":[],"fullName":"Debounce Hooks Comprehensive Tests useAdvancedDebounce should allow manual flush","invocations":1,"location":{"column":5,"line":331},"numPassingAsserts":4,"retryReasons":[],"status":"passed","title":"should allow manual flush"},{"ancestorTitles":["Debounce Hooks Comprehensive Tests","useAdvancedDebounce"],"duration":1,"failureDetails":[],"failureMessages":[],"fullName":"Debounce Hooks Comprehensive Tests
[...]
criptTransformer._transformAndBuildScript (node_modules/@jest/transform/build/ScriptTransformer.js:674:40)\n      at ScriptTransformer.transform (node_modules/@jest/transform/build/ScriptTransformer.js:726:19)\n","name":"/Users/mdshahabulalam/basetemplate/enterprise-auth-template/frontend/src/__tests__/hooks/use-error-handler.test.ts","startTime":1758324558383,"status":"failed","summary":""},{"assertionResults":[],"coverage":{},"endTime":1758324558383,"message":"  ● Test suite failed to run\n\n      \u001b[31mx\u001b[0m Expression expected\n        ,-[\u001b[36;1;4m/Users/mdshahabulalam/basetemplate/enterprise-auth-template/frontend/src/__tests__/hooks/use-auth-form-comprehensive.test.ts\u001b[0m:25:1]\n     \u001b[2m22\u001b[0m |   validationRules,\n     \u001b[2m23\u001b[0m |   getFieldError,\n     \u001b[2m24\u001b[0m |   isFormValid,\n     \u001b[2m25\u001b[0m | } from '../../hooks/use-auth-form';\n        : \u001b[35;1m^\u001b[0m\n     \u001b[2m26\u001b[0m | \n     \u001b[2m27\u001b[0m | // Type-safe interfaces for test data\n     \u001b[2m28\u001b[0m | interface LoginFormData {\n        `----\n\n\n    Caused by:\n        Syntax Error\n\n      at Object.transformSync (node_modules/next/src/build/swc/index.ts:1396:25)\n      at transformSync (node_modules/next/src/build/swc/index.ts:1516:19)\n      at Object.process (node_modules/next/src/build/swc/jest-transformer.ts:105:25)\n      at ScriptTransformer.transformSource (node_modules/@jest/transform/build/ScriptTransformer.js:545:31)\n      at ScriptTransformer._transformAndBuildScript (node_modules/@jest/transform/build/ScriptTransformer.js:674:40)\n      at ScriptTransformer.transform (node_modules/@jest/transform/build/ScriptTransformer.js:726:19)\n","name":"/Users/mdshahabulalam/basetemplate/enterprise-auth-template/frontend/src/__tests__/hooks/use-auth-form-comprehensive.test.ts","startTime":1758324558383,"status":"failed","summary":""},{"assertionResults":[],"coverage":{},"endTime":1758324558383,"message":"  ● Test suite failed to run\n\n      \u001b[31mx\u001b[0m Expected a semicolon\n        ,-[\u001b[36;1;4m/Users/mdshahabulalam/basetemplate/enterprise-auth-template/frontend/src/__tests__/hooks/use-api.test.ts\u001b[0m:19:1]\n     \u001b[2m16\u001b[0m | \n     \u001b[2m17\u001b[0m | \n     \u001b[2m18\u001b[0m | // Mock fetch globally\n     \u001b[2m19\u001b[0m | global.fetch = jest.fn() as jest.MockedFunction<typeof fetch>;\n        : \u001b[35;1m      ^\u001b[0m\n     \u001b[2m20\u001b[0m | \n     \u001b[2m21\u001b[0m | // Mock Next.js navigation\n     \u001b[2m22\u001b[0m | describe('useApi', () => {\n        `----\n      \u001b[31mx\u001b[0m Expected ',', got '.'\n        ,-[\u001b[36;1;4m/Users/mdshahabulalam/basetemplate/enterprise-auth-template/frontend/src/__tests__/hooks/use-api.test.ts\u001b[0m:19:1]\n     \u001b[2m16\u001b[0m | \n     \u001b[2m17\u001b[0m | \n     \u001b[2m18\u001b[0m | // Mock fetch globally\n     \u001b[2m19\u001b[0m | global.fetch = jest.fn() as jest.MockedFunction<typeof fetch>;\n        : \u001b[35;1m      ^\u001b[0m\n     \u001b[2m20\u001b[0m | \n     \u001b[2m21\u001b[0m | // Mock Next.js navigation\n     \u001b[2m22\u001b[0m | describe('useApi', () => {\n        `----\n\n\n    Caused by:\n        Syntax Error\n\n      at Object.transformSync (node_modules/next/src/build/swc/index.ts:1396:25)\n      at transformSync (node_modules/next/src/build/swc/index.ts:1516:19)\n      at Object.process (node_modules/next/src/build/swc/jest-transformer.ts:105:25)\n      at ScriptTransformer.transformSource (node_modules/@jest/transform/build/ScriptTransformer.js:545:31)\n      at ScriptTransformer._transformAndBuildScript (node_modules/@jest/transform/build/ScriptTransformer.js:674:40)\n      at ScriptTransformer.transform (node_modules/@jest/transform/build/ScriptTransformer.js:726:19)\n","name":"/Users/mdshahabulalam/basetemplate/enterprise-auth-template/frontend/src/__tests__/hooks/use-api.test.ts","startTime":1758324558383,"status":"failed","summary":""},{"assertionResults":[],"coverage":{},"endTime":1758324558383,"message":"  ● Test suite failed to run\n\n      \u001b[31mx\u001b[0m Expected ',', got '}'\n        ,-[\u001b[36;1;4m/Users/mdshahabulalam/basetemplate/enterprise-auth-template/frontend/src/__tests__/integration/auth-flow.test.tsx\u001b[0m:68:1]\n     \u001b[2m65\u001b[0m |     hasRole: jest.fn(() => false),\n     \u001b[2m66\u001b[0m |   useGuestOnly: jest.fn(() => ({\n     \u001b[2m67\u001b[0m |     isLoading: false,\n     \u001b[2m68\u001b[0m |   }))}}))));,\n        : \u001b[35;1m      ^\u001b[0m\n     \u001b[2m69\u001b[0m | }}));\n     \u001b[2m70\u001b[0m | jest.mock('next/navigation', () => ({\n     \u001b[2m71\u001b[0m |   useRouter: jest.fn(),\n        `----\n\n\n    Caused by:\n        Syntax Error\n\n      at Object.transformSync (node_modules/next/src/build/swc/index.ts:1396:25)\n      at transformSync (node_modules/next/src/build/swc/index.ts:1516:19)\n      at Object.process (node_modules/next/src/build/swc/jest-transformer.ts:105:25)\n      at ScriptTransformer.transformSource (node_modules/@jest/transform/build/ScriptTransformer.js:545:31)\n      at ScriptTransformer._transformAndBuildScript (node_modules/@jest/transform/build/ScriptTransformer.js:674:40)\n      at ScriptTransformer.transform (node_modules/@jest/transform/build/ScriptTransformer.js:726:19)\n","name":"/Users/mdshahabulalam/basetemplate/enterprise-auth-template/frontend/src/__tests__/integration/auth-flow.test.tsx","startTime":1758324558383,"status":"failed","summary":""},{"assertionResults":[],"coverage":{},"endTime":1758324558383,"message":"  ● Test suite failed to run\n\n      \u001b[31mx\u001b[0m Expected ',', got '}'\n        ,-[\u001b[36;1;4m/Users/mdshahabulalam/basetemplate/enterprise-auth-template/frontend/src/__tests__/components/register-form.test.tsx\u001b[0m:65:1]\n     \u001b[2m62\u001b[0m |     hasRole: jest.fn(() => false),\n     \u001b[2m63\u001b[0m |   useGuestOnly: jest.fn(() => ({\n     \u001b[2m64\u001b[0m |     isLoading: false,\n     \u001b[2m65\u001b[0m |   }))}}))));,\n        : \u001b[35;1m      ^\u001b[0m\n     \u001b[2m66\u001b[0m | })),\n     \u001b[2m67\u001b[0m | })));\n     \u001b[2m68\u001b[0m | jest.mock('next/navigation', () => ({\n        `----\n\n\n    Caused by:\n        Syntax Error\n\n      at Object.transformSync (node_modules/next/src/build/swc/index.ts:1396:25)\n      at transformSync (node_modules/next/src/build/swc/index.ts:1516:19)\n      at Object.process (node_modules/next/src/build/swc/jest-transformer.ts:105:25)\n      at ScriptTransformer.transformSource (node_modules/@jest/transform/build/ScriptTransformer.js:545:31)\n      at ScriptTransformer._transformAndBuildScript (node_modules/@jest/transform/build/ScriptTransformer.js:674:40)\n      at ScriptTransformer.transform (node_modules/@jest/transform/build/ScriptTransformer.js:726:19)\n","name":"/Users/mdshahabulalam/basetemplate/enterprise-auth-template/frontend/src/__tests__/components/register-form.test.tsx","startTime":1758324558383,"status":"failed","summary":""},{"assertionResults":[],"coverage":{},"endTime":1758324558383,"message":"  ● Test suite failed to run\n\n      \u001b[31mx\u001b[0m Expected '}', got '<eof>'\n         ,-[\u001b[36;1;4m/Users/mdshahabulalam/basetemplate/enterprise-auth-template/frontend/src/__tests__/components/login-form.test.tsx\u001b[0m:391:1]\n     \u001b[2m388\u001b[0m |       });\n     \u001b[2m389\u001b[0m |     });\n     \u001b[2m390\u001b[0m |   });\n     \u001b[2m391\u001b[0m | });\n         `----\n      \u001b[31mx\u001b[0m Unexpected eof\n         ,-[\u001b[36;1;4m/Users/mdshahabulalam/basetemplate/enterprise-auth-template/frontend/src/__tests__/components/login-form.test.tsx\u001b[0m:391:1]\n     \u001b[2m388\u001b[0m |       });\n     \u001b[2m389\u001b[0m |     });\n     \u001b[2m390\u001b[0m |   });\n     \u001b[2m391\u001b[0m | });\n         `----\n\n\n    Caused by:\n        Syntax Error\n\n      at Object.transformSync (node_modules/next/src/build/swc/index.ts:1396:25)\n      at transformSync (node_modules/next/src/build/swc/index.ts:1516:19)\n      at Object.process (node_modules/next/src/build/swc/jest-transformer.ts:105:25)\n      at ScriptTransformer.transformSource (node_modules/@jest/transform/build/ScriptTransformer.js:545:31)\n      at ScriptTransformer._transformAndBuildScript (node_modules/@jest/transform/build/ScriptTransformer.js:674:40)\n      at ScriptTransformer.transform (node_modules/@jest/transform/build/ScriptTransformer.js:726:19)\n","name":"/Users/mdshahabulalam/basetemplate/enterprise-auth-template/frontend/src/__tests__/components/login-form.test.tsx","startTime":1758324558383,"status":"failed","summary":""},{"assertionResults":[],"coverage":{},"endTime":1758324558383,"message":"  ● Test suite failed to run\n\n      \u001b[31mx\u001b[0m Expected a semicolon\n        ,-[\u001b[36;1;4m/Users/mdshahabulalam/basetemplate/enterprise-auth-template/frontend/src/__tests__/components/batch_tests.test.tsx\u001b[0m:28:1]\n     \u001b[2m25\u001b[0m |   TabsContent: ({ children, ...props }: React.PropsWithChildren<Record<string, unknown>>) =>\n     \u001b[2m26\u001b[0m |     <div data-testid=\"tabs-content\" {...props}>{children}</div>,\n     \u001b[2m27\u001b[0m | // Orphaned closing removed\n     \u001b[2m28\u001b[0m | jest.mock('@/components/ui/popover', () => ({\n        : \u001b[35;1m    ^\u001b[0m\n     \u001b[2m29\u001b[0m |   Popover: ({ children, ...props }: React.PropsWithChildren<Record<string, unknown>>) =>\n     \u001b[2m30\u001b[0m |     <div data-testid=\"popover\" {...props}>{children}</div>,\n     \u001b[2m31\u001b[0m |   PopoverTrigger: ({ children, ...props }: React.PropsWithChildren<Record<string, unknown>>) =>\n        `----\n      \u001b[31mx\u001b[0m Expected ',', got '.'\n        ,-[\u001b[36;1;4m/Users/mdshahabulalam/basetemplate/enterprise-auth-template/frontend/src/__tests__/components/batch_tests.test.tsx\u001b[0m:28:1]\n     \u001b[2m25\u001b[0m |   TabsContent: ({ children, ...props }: React.PropsWithChildren<Record<string, unknown>>) =>\n     \u001b[2m26\u001b[0m |     <div data-testid=\"tabs-content\" {...props}>{children}</div>,\n     \u001b[2m27\u001b[0m | // Orphaned closing removed\n     \u001b[2m28\u001b[0m | jest.mock('@/components/ui/popover', () => ({\n        : \u001b[35;1m    ^\u001b[0m\n     \u001b[2m29\u001b[0m |   Popover: ({ children, ...props }: React.PropsWithChildren<Record<string, unknown>>) =>\n     \u001b[2m30\u001b[0m |     <div data-testid=\"popover\" {...props}>{children}</div>,\n     \u001b[2m31\u001b[0m |   PopoverTrigger: ({ children, ...props }: React.PropsWithChildren<Record<string, unknown>>) =>\n        `----\n\n\n    Caused by:\n        Syntax Error\n\n      at Object.transformSync (node_modules/next/src/build/swc/index.ts:1396:25)\n      at transformSync (node_modules/next/src/build/swc/index.ts:1516:19)\n      at Object.process (node_modules/next/src/build/swc/jest-transformer.ts:105:25)\n      at ScriptTransformer.transformSource (node_modules/@jest/transform/build/ScriptTransformer.js:545:31)\n      at ScriptTransformer._transformAndBuildScript (node_modules/@jest/transform/build/ScriptTransformer.js:674:40)\n      at ScriptTransformer.transform (node_modules/@jest/transform/build/ScriptTransformer.js:726:19)\n","name":"/Users/mdshahabulalam/basetemplate/enterprise-auth-template/frontend/src/__tests__/components/batch_tests.test.tsx","startTime":1758324558383,"status":"failed","summary":""},{"assertionResults":[],"coverage":{},"endTime":1758324558383,"message":"  ● Test suite failed to run\n\n      \u001b[31mx\u001b[0m Expected '}', got '<eof>'\n         ,-[\u001b[36;1;4m/Users/mdshahabulalam/basetemplate/enterprise-auth-template/frontend/src/__tests__/accessibility/comprehensive-a11y.test.tsx\u001b[0m:701:1]\n     \u001b[2m698\u001b[0m |       expect(emailInput).toHaveAttribute('aria-describedby', 'email-error');\n     \u001b[2m699\u001b[0m |     });\n     \u001b[2m700\u001b[0m |   });\n     \u001b[2m701\u001b[0m | });\n         `----\n      \u001b[31mx\u001b[0m Unexpected eof\n         ,-[\u001b[36;1;4m/Users/mdshahabulalam/basetemplate/enterprise-auth-template/frontend/src/__tests__/accessibility/comprehensive-a11y.test.tsx\u001b[0m:701:1]\n     \u001b[2m698\u001b[0m |       expect(emailInput).toHaveAttribute('aria-describedby', 'email-error');\n     \u001b[2m699\u001b[0m |     });\n     \u001b[2m700\u001b[0m |   });\n     \u001b[2m701\u001b[0m | });\n         `----\n\n\n    Caused by:\n        Syntax Error\n\n      at Object.transformSync (node_modules/next/src/build/swc/index.ts:1396:25)\n      at transformSync (node_modules/next/src/build/swc/index.ts:1516:19)\n      at Object.process (node_modules/next/src/build/swc/jest-transformer.ts:105:25)\n      at ScriptTransformer.transformSource (node_modules/@jest/transform/build/ScriptTransformer.js:545:31)\n      at ScriptTransformer._transformAndBuildScript (node_modules/@jest/transform/build/ScriptTransformer.js:674:40)\n      at ScriptTransformer.transform (node_modules/@jest/transform/build/ScriptTransformer.js:726:19)\n","name":"/Users/mdshahabulalam/basetemplate/enterprise-auth-template/frontend/src/__tests__/accessibility/comprehensive-a11y.test.tsx","startTime":1758324558383,"status":"failed","summary":""},{"assertionResults":[],"coverage":{},"endTime":1758324558383,"message":"  ● Test suite failed to run\n\n      \u001b[31mx\u001b[0m Expected ',', got ';'\n        ,-[\u001b[36;1;4m/Users/mdshahabulalam/basetemplate/enterprise-auth-template/frontend/src/__tests__/auth-context.test.tsx\u001b[0m:73:1]\n     \u001b[2m70\u001b[0m |     hasRole: jest.fn(() => false),\n     \u001b[2m71\u001b[0m |   useGuestOnly: jest.fn(() => ({\n     \u001b[2m72\u001b[0m |     isLoading: false,\n     \u001b[2m73\u001b[0m |   }));\n        : \u001b[35;1m     ^\u001b[0m\n     \u001b[2m74\u001b[0m | jest.mock('@/lib/auth-api');\n     \u001b[2m75\u001b[0m | jest.mock('@/lib/cookie-manager');\n     \u001b[2m76\u001b[0m | jest.mock('next/navigation', () => ({\n        `----\n\n\n    Caused by:\n        Syntax Error\n\n      at Object.transformSync (node_modules/next/src/build/swc/index.ts:1396:25)\n      at transformSync (node_modules/next/src/build/swc/index.ts:1516:19)\n      at Object.process (node_modules/next/src/build/swc/jest-transformer.ts:105:25)\n      at ScriptTransformer.transformSource (node_modules/@jest/transform/build/ScriptTransformer.js:545:31)\n      at ScriptTransformer._transformAndBuildScript (node_modules/@jest/transform/build/ScriptTransformer.js:674:40)\n      at ScriptTransformer.transform (node_modules/@jest/transform/build/ScriptTransformer.js:726:19)\n","name":"/Users/mdshahabulalam/basetemplate/enterprise-auth-template/frontend/src/__tests__/auth-context.test.tsx","startTime":1758324558383,"status":"failed","summary":""},{"assertionResults":[],"coverage":{},"endTime":1758324558383,"message":"  ● Test suite failed to run\n\n      \u001b[31mx\u001b[0m Expected a semicolon\n        ,-[\u001b[36;1;4m/Users/mdshahabulalam/basetemplate/enterprise-auth-template/frontend/__tests__/api/auth.test.ts\u001b[0m:22:1]\n     \u001b[2m19\u001b[0m | \n     \u001b[2m20\u001b[0m | \n     \u001b[2m21\u001b[0m | // Mock fetch globally\n     \u001b[2m22\u001b[0m | global.fetch = jest.fn() as jest.MockedFunction<typeof fetch>;\n        : \u001b[35;1m      ^\u001b[0m\n     \u001b[2m23\u001b[0m | const mockFetch = fetch as jest.MockedFunction<typeof fetch>;\n     \u001b[2m24\u001b[0m | \n     \u001b[2m25\u001b[0m | // Mock cookie manager\n        `----\n      \u001b[31mx\u001b[0m Expected ',', got '.'\n        ,-[\u001b[36;1;4m/Users/mdshahabulalam/basetemplate/enterprise-auth-template/frontend/__tests__/api/auth.test.ts\u001b[0m:22:1]\n     \u001b[2m19\u001b[0m | \n     \u001b[2m20\u001b[0m | \n     \u001b[2m21\u001b[0m | // Mock fetch globally\n     \u001b[2m22\u001b[0m | global.fetch = jest.fn() as jest.MockedFunction<typeof fetch>;\n        : \u001b[35;1m      ^\u001b[0m\n     \u001b[2m23\u001b[0m | const mockFetch = fetch as jest.MockedFunction<typeof fetch>;\n     \u001b[2m24\u001b[0m | \n     \u001b[2m25\u001b[0m | // Mock cookie manager\n        `----\n\n\n    Caused by:\n        Syntax Error\n\n      at Object.transformSync (node_modules/next/src/build/swc/index.ts:1396:25)\n      at transformSync (node_modules/next/src/build/swc/index.ts:1516:19)\n      at Object.process (node_modules/next/src/build/swc/jest-transformer.ts:105:25)\n      at ScriptTransformer.transformSource (node_modules/@jest/transform/build/ScriptTransformer.js:545:31)\n      at ScriptTransformer._transformAndBuildScript (node_modules/@jest/transform/build/ScriptTransformer.js:674:40)\n      at ScriptTransformer.transform (node_modules/@jest/transform/build/ScriptTransformer.js:726:19)\n","name":"/Users/mdshahabulalam/basetemplate/enterprise-auth-template/frontend/__tests__/api/auth.test.ts","startTime":1758324558383,"status":"failed","summary":""},{"assertionResults":[],"coverage":{},"endTime":1758324558383,"message":"  ● Test suite failed to run\n\n      \u001b[31mx\u001b[0m Expected a semicolon\n        ,-[\u001b[36;1;4m/Users/mdshahabulalam/basetemplate/enterprise-auth-template/frontend/__tests__/pages/dashboard.test.tsx\u001b[0m:38:1]\n     \u001b[2m35\u001b[0m |     <div data-testid=\"card-content\">{children}</div>\n     \u001b[2m36\u001b[0m |   ),\n     \u001b[2m37\u001b[0m | // Orphaned closing removed\n     \u001b[2m38\u001b[0m | jest.mock('@/components/ui/button', () => ({\n        : \u001b[35;1m    ^\u001b[0m\n     \u001b[2m39\u001b[0m |   Button: ({ \n     \u001b[2m40\u001b[0m |     children, \n     \u001b[2m41\u001b[0m |     onClick, \n        `----\n      \u001b[31mx\u001b[0m Expected ',', got '.'\n        ,-[\u001b[36;1;4m/Users/mdshahabulalam/basetemplate/enterprise-auth-template/frontend/__tests__/pages/dashboard.test.tsx\u001b[0m:38:1]\n     \u001b[2m35\u001b[0m |     <div data-testid=\"card-content\">{children}</div>\n     \u001b[2m36\u001b[0m |   ),\n     \u001b[2m37\u001b[0m | // Orphaned closing removed\n     \u001b[2m38\u001b[0m | jest.mock('@/components/ui/button', () => ({\n        : \u001b[35;1m    ^\u001b[0m\n     \u001b[2m39\u001b[0m |   Button: ({ \n     \u001b[2m40\u001b[0m |     children, \n     \u001b[2m41\u001b[0m |     onClick, \n        `----\n\n\n    Caused by:\n        Syntax Error\n\n      at Object.transformSync (node_modules/next/src/build/swc/index.ts:1396:25)\n      at transformSync (node_modules/next/src/build/swc/index.ts:1516:19)\n      at Object.process (node_modules/next/src/build/swc/jest-transformer.ts:105:25)\n      at ScriptTransformer.transformSource (node_modules/@jest/transform/build/ScriptTransformer.js:545:31)\n      at ScriptTransformer._transformAndBuildScript (node_modules/@jest/transform/build/ScriptTransformer.js:674:40)\n      at ScriptTransformer.transform (node_modules/@jest/transform/build/ScriptTransformer.js:726:19)\n","name":"/Users/mdshahabulalam/basetemplate/enterprise-auth-template/frontend/__tests__/pages/dashboard.test.tsx","startTime":1758324558383,"status":"failed","summary":""},{"assertionResults":[],"coverage":{},"endTime":1758324558383,"message":"  ● Test suite failed to run\n\n    The error below may be caused by using the wrong test environment, see https://jestjs.io/docs/configuration#testenvironment-string.\n    Consider using the \"jsdom\" test environment.\n\n    ReferenceError: window is not defined\n\n      121 |\n      122 | // Mock window.matchMedia\n    > 123 | Object.defineProperty(window, 'matchMedia', {\n          |                       ^\n      124 |   writable: true,\n      125 |   value: jest.fn().mockImplementation(query => ({\n      126 |     matches: false,\n\n      at Object.window (jest.setup.js:123:23)\n","name":"/Users/mdshahabulalam/basetemplate/enterprise-auth-template/frontend/__tests__/e2e/auth-flow.spec.ts","startTime":1758324558383,"status":"failed","summary":""}],"wasInterrupted":false}
